{"logTime": "0624/133023", "correlationVector":"glPN43L3p6DQXoj+q2JyBX.1","action":"SyncServerConnectionManagerRequest", "result":"SYNC_SERVER_OK", "context":{"environment":"Prod_westeurope_prod-s01-079-eur-westeurope", "migrationStage":"NotStarted", "server":"akswtt01000001g"}}
{"logTime": "0624/133023", "correlationVector":"glPN43L3p6DQXoj+q2JyBX.2","action":"ProcessGetUpdates", "result":"Done", "context":{"dataType":"Encryption Keys", "deleted":"0", "process_failed_to_decrypt":"0", "process_pending_decryption":"0", "process_success":"1", "total":"1"}}
{"logTime": "0624/133024", "correlationVector":"nurIfVzJQ2EXiFQq/I+dER","action":"SyncServerConnectionManagerRequest", "result":"SYNC_SERVER_OK", "context":{"environment":"", "migrationStage":"", "server":""}}
{"logTime": "0624/133024", "correlationVector":"nurIfVzJQ2EXiFQq/I+dER.0","action":"EncryptionKeysFetcher.DownloadKeys:", "result":"Success", "context":Key count: 7, Last key timestamp: 2025-02-12T18:09:41Z}
{"logTime": "0624/133024", "correlationVector":"nurIfVzJQ2EXiFQq/I+dER.1","action":"EncryptionKeysManager::SetEncryptionKeys:", "result":"Success", "context":Key names[7]:[zdcCm+qk2uYNoAOHwezkTJ2qGNmOP+kBtAQyw+lP04bWojW9U8IVOeVDMuu13f2s53110ZaCIct0H4rq+gT0TA==][rt91HUtuYeMBGpPvSdS49TOPgbhZ9ykydpgd5qGij7oBtUgwA5TGz3mzBP21WfGEZ6hwcHvJoXihOyzZT9NEtg==][0TqX1kKSe4TfnfVmkN7KjGwQBLvGzEcesxX9tmTYgr7Z+ra1Z471o2suZHH+lx/VYAFrRzP22SYctKwY6VfvOQ==][D2lxo+4L4NpvHdZhI+BTzmVuSXW9Nojx1ZsEMZ8hJNiW9PBZH6U8r/uGUvyZjnS5N9AQhWj8gXx3pmZMYP772g==][xr2jmCMIWpIgXtxSEf4I04K/ll62iYESCyNEQ8VLx0z0cn22xjYRSQYtCgG9AJUYsSrQ1/7gPk5x8zGuYpv3Kg==][TE1q0IFUex5A2+G4OB1uFkTOPO2uTWmXdgFUxjhn2L12b9zlsL68lrZNJIInRLtghf9YcHk9RXNdK/z9N9CClw==][oYrmEKoW9PRlhr6CExD0+FXnAukiShwWnqKha9+krW9bWN1GisjuAFAdYe5txllK1ZzmJslC2i99x6ZNZX6XlQ==]}
{"logTime": "0624/133024", "correlationVector":"nurIfVzJQ2EXiFQq/I+dER.2","action":"EncryptionKeysManager::SetEncryptionKeysWithTimestamps:", "result":"Success", "context":Key timestamps[7]:[2022-09-23T19:51:50Z][2023-03-23T18:59:16Z][2023-09-20T17:27:43Z][2024-04-02T10:07:26Z][2024-11-19T13:06:27Z][2025-02-09T14:07:53Z][2025-02-12T18:09:41Z]}
{"logTime": "0624/133024", "correlationVector":"glPN43L3p6DQXoj+q2JyBX","action":"Initial GetUpdates", "result":"", "context":Reason: NEW_CLIENT. cV=glPN43L3p6DQXoj+q2JyBX}
{"logTime": "0624/133024", "correlationVector":"glPN43L3p6DQXoj+q2JyBX.3","action":"GetUpdates Response", "result":"Success", "context":Received 1 update(s). cV=glPN43L3p6DQXoj+q2JyBX.0;server=akswtt01000001g;cloudType=Consumer;environment=Prod_westeurope_prod-s01-079-eur-westeurope;migrationStage=NotStarted}
{"logTime": "0624/133024", "correlationVector":"pBdDer7UosG5lrUKSqnM5t","action":"Initial GetUpdates", "result":"", "context":Reason: NEWLY_SUPPORTED_DATATYPE. cV=pBdDer7UosG5lrUKSqnM5t}
{"logTime": "0624/133025", "correlationVector":"pBdDer7UosG5lrUKSqnM5t.1","action":"SyncServerConnectionManagerRequest", "result":"SYNC_SERVER_OK", "context":{"environment":"Prod_westeurope_prod-s01-079-eur-westeurope", "migrationStage":"NotStarted", "server":"akswtt01000001q"}}
{"logTime": "0624/133025", "correlationVector":"pBdDer7UosG5lrUKSqnM5t.2","action":"ProcessGetUpdates", "result":"Done", "context":{"dataType":"Preferences", "deleted":"3", "process_failed_to_decrypt":"0", "process_pending_decryption":"0", "process_success":"80", "total":"80"}}
{"logTime": "0624/133025", "correlationVector":"pBdDer7UosG5lrUKSqnM5t.3","action":"ProcessGetUpdates", "result":"Done", "context":{"dataType":"Passwords", "deleted":"11", "process_failed_to_decrypt":"0", "process_pending_decryption":"0", "process_success":"135", "total":"135"}}
{"logTime": "0624/133025", "correlationVector":"pBdDer7UosG5lrUKSqnM5t.4","action":"ProcessGetUpdates", "result":"Done", "context":{"dataType":"Device Info", "deleted":"0", "process_failed_to_decrypt":"0", "process_pending_decryption":"0", "process_success":"35", "total":"35"}}
{"logTime": "0624/133025", "correlationVector":"pBdDer7UosG5lrUKSqnM5t.5","action":"GetUpdates Response", "result":"Success", "context":Received 250 update(s). cV=pBdDer7UosG5lrUKSqnM5t.0;server=akswtt01000001q;cloudType=Consumer;environment=Prod_westeurope_prod-s01-079-eur-westeurope;migrationStage=NotStarted Some updates remain.}
{"logTime": "0624/133025", "correlationVector":"g0iKJ6O0ylDhcd3NZp1fCb","action":"Initial GetUpdates", "result":"", "context":Reason: NEWLY_SUPPORTED_DATATYPE. cV=g0iKJ6O0ylDhcd3NZp1fCb}
{"logTime": "0624/133026", "correlationVector":"g0iKJ6O0ylDhcd3NZp1fCb.1","action":"SyncServerConnectionManagerRequest", "result":"SYNC_SERVER_OK", "context":{"environment":"Prod_westeurope_prod-s01-079-eur-westeurope", "migrationStage":"NotStarted", "server":"akswtt01000003f"}}
{"logTime": "0624/133026", "correlationVector":"g0iKJ6O0ylDhcd3NZp1fCb.2","action":"ProcessGetUpdates", "result":"Done", "context":{"dataType":"Preferences", "deleted":"0", "process_failed_to_decrypt":"0", "process_pending_decryption":"0", "process_success":"6", "total":"6"}}
{"logTime": "0624/133026", "correlationVector":"g0iKJ6O0ylDhcd3NZp1fCb.3","action":"ProcessGetUpdates", "result":"Done", "context":{"dataType":"Passwords", "deleted":"0", "process_failed_to_decrypt":"0", "process_pending_decryption":"0", "process_success":"27", "total":"27"}}
{"logTime": "0624/133026", "correlationVector":"g0iKJ6O0ylDhcd3NZp1fCb.4","action":"ProcessGetUpdates", "result":"Done", "context":{"dataType":"Device Info", "deleted":"0", "process_failed_to_decrypt":"0", "process_pending_decryption":"0", "process_success":"1", "total":"1"}}
{"logTime": "0624/133026", "correlationVector":"g0iKJ6O0ylDhcd3NZp1fCb.5","action":"GetUpdates Response", "result":"Success", "context":Received 34 update(s). cV=g0iKJ6O0ylDhcd3NZp1fCb.0;server=akswtt01000003f;cloudType=Consumer;environment=Prod_westeurope_prod-s01-079-eur-westeurope;migrationStage=NotStarted}
{"logTime": "0624/133026", "correlationVector":"W/SIap+NFUjGyGu9dO2IWN","action":"Initial GetUpdates", "result":"", "context":Reason: NEWLY_SUPPORTED_DATATYPE. cV=W/SIap+NFUjGyGu9dO2IWN}
{"logTime": "0624/133026", "correlationVector":"W/SIap+NFUjGyGu9dO2IWN.1","action":"SyncServerConnectionManagerRequest", "result":"SYNC_SERVER_OK", "context":{"environment":"Prod_westeurope_prod-s01-079-eur-westeurope", "migrationStage":"NotStarted", "server":"akswtt01000003b"}}
{"logTime": "0624/133026", "correlationVector":"W/SIap+NFUjGyGu9dO2IWN.2","action":"ProcessGetUpdates", "result":"Done", "context":{"dataType":"Bookmarks", "deleted":"11", "process_failed_to_decrypt":"0", "process_pending_decryption":"0", "process_success":"113", "total":"113"}}
{"logTime": "0624/133026", "correlationVector":"W/SIap+NFUjGyGu9dO2IWN.3","action":"GetUpdates Response", "result":"Success", "context":Received 113 update(s). cV=W/SIap+NFUjGyGu9dO2IWN.0;server=akswtt01000003b;cloudType=Consumer;environment=Prod_westeurope_prod-s01-079-eur-westeurope;migrationStage=NotStarted}
{"logTime": "0624/133027", "correlationVector":"DYvjX8cosVZy5u4GKy/ue7","action":"Initial GetUpdates", "result":"", "context":Reason: NEWLY_SUPPORTED_DATATYPE. cV=DYvjX8cosVZy5u4GKy/ue7}
{"logTime": "0624/133027", "correlationVector":"DYvjX8cosVZy5u4GKy/ue7.1","action":"SyncServerConnectionManagerRequest", "result":"SYNC_SERVER_OK", "context":{"environment":"Prod_westeurope_prod-s01-079-eur-westeurope", "migrationStage":"NotStarted", "server":"akswtt01000000o"}}
{"logTime": "0624/133027", "correlationVector":"DYvjX8cosVZy5u4GKy/ue7.2","action":"ProcessGetUpdates", "result":"Done", "context":{"dataType":"Autofill Profiles", "deleted":"0", "process_failed_to_decrypt":"0", "process_pending_decryption":"0", "process_success":"6", "total":"6"}}
{"logTime": "0624/133027", "correlationVector":"DYvjX8cosVZy5u4GKy/ue7.3","action":"ProcessGetUpdates", "result":"Done", "context":{"dataType":"Autofill", "deleted":"0", "process_failed_to_decrypt":"0", "process_pending_decryption":"0", "process_success":"244", "total":"244"}}
{"logTime": "0624/133027", "correlationVector":"DYvjX8cosVZy5u4GKy/ue7.4","action":"GetUpdates Response", "result":"Success", "context":Received 250 update(s). cV=DYvjX8cosVZy5u4GKy/ue7.0;server=akswtt01000000o;cloudType=Consumer;environment=Prod_westeurope_prod-s01-079-eur-westeurope;migrationStage=NotStarted Some updates remain.}
{"logTime": "0624/133027", "correlationVector":"GL8jQHoRdT6Gq84kqyRPvy","action":"Initial GetUpdates", "result":"", "context":Reason: NEWLY_SUPPORTED_DATATYPE. cV=GL8jQHoRdT6Gq84kqyRPvy}
{"logTime": "0624/133028", "correlationVector":"GL8jQHoRdT6Gq84kqyRPvy.1","action":"SyncServerConnectionManagerRequest", "result":"SYNC_SERVER_OK", "context":{"environment":"Prod_westeurope_prod-s01-079-eur-westeurope", "migrationStage":"NotStarted", "server":"akswtt010000015"}}
{"logTime": "0624/133028", "correlationVector":"GL8jQHoRdT6Gq84kqyRPvy.2","action":"ProcessGetUpdates", "result":"Done", "context":{"dataType":"Autofill Profiles", "deleted":"0", "process_failed_to_decrypt":"0", "process_pending_decryption":"0", "process_success":"9", "total":"9"}}
{"logTime": "0624/133028", "correlationVector":"GL8jQHoRdT6Gq84kqyRPvy.3","action":"ProcessGetUpdates", "result":"Done", "context":{"dataType":"Autofill", "deleted":"0", "process_failed_to_decrypt":"0", "process_pending_decryption":"0", "process_success":"241", "total":"241"}}
{"logTime": "0624/133028", "correlationVector":"GL8jQHoRdT6Gq84kqyRPvy.4","action":"GetUpdates Response", "result":"Success", "context":Received 250 update(s). cV=GL8jQHoRdT6Gq84kqyRPvy.0;server=akswtt010000015;cloudType=Consumer;environment=Prod_westeurope_prod-s01-079-eur-westeurope;migrationStage=NotStarted Some updates remain.}
{"logTime": "0624/133028", "correlationVector":"DC7QQY1gUk9Y00Ej27FEFr","action":"Initial GetUpdates", "result":"", "context":Reason: NEWLY_SUPPORTED_DATATYPE. cV=DC7QQY1gUk9Y00Ej27FEFr}
{"logTime": "0624/133030", "correlationVector":"DC7QQY1gUk9Y00Ej27FEFr.1","action":"SyncServerConnectionManagerRequest", "result":"SYNC_SERVER_OK", "context":{"environment":"Prod_westeurope_prod-s01-079-eur-westeurope", "migrationStage":"NotStarted", "server":"akswtt010000036"}}
{"logTime": "0624/133030", "correlationVector":"DC7QQY1gUk9Y00Ej27FEFr.2","action":"ProcessGetUpdates", "result":"Done", "context":{"dataType":"Autofill Profiles", "deleted":"0", "process_failed_to_decrypt":"0", "process_pending_decryption":"0", "process_success":"17", "total":"17"}}
{"logTime": "0624/133030", "correlationVector":"DC7QQY1gUk9Y00Ej27FEFr.3","action":"ProcessGetUpdates", "result":"Done", "context":{"dataType":"Autofill", "deleted":"0", "process_failed_to_decrypt":"0", "process_pending_decryption":"0", "process_success":"147", "total":"147"}}
{"logTime": "0624/133030", "correlationVector":"DC7QQY1gUk9Y00Ej27FEFr.4","action":"ProcessGetUpdates", "result":"Done", "context":{"dataType":"Sessions", "deleted":"86", "process_failed_to_decrypt":"0", "process_pending_decryption":"0", "process_success":"86", "total":"86"}}
{"logTime": "0624/133030", "correlationVector":"DC7QQY1gUk9Y00Ej27FEFr.5","action":"GetUpdates Response", "result":"Success", "context":Received 250 update(s). cV=DC7QQY1gUk9Y00Ej27FEFr.0;server=akswtt010000036;cloudType=Consumer;environment=Prod_westeurope_prod-s01-079-eur-westeurope;migrationStage=NotStarted Some updates remain.}
{"logTime": "0624/133030", "correlationVector":"hMWEt2qu7wTn2XfHW4tBGU","action":"Initial GetUpdates", "result":"", "context":Reason: NEWLY_SUPPORTED_DATATYPE. cV=hMWEt2qu7wTn2XfHW4tBGU}
{"logTime": "0624/133030", "correlationVector":"hMWEt2qu7wTn2XfHW4tBGU.1","action":"SyncServerConnectionManagerRequest", "result":"SYNC_SERVER_OK", "context":{"environment":"Prod_westeurope_prod-s01-079-eur-westeurope", "migrationStage":"NotStarted", "server":"akswtt010000014"}}
{"logTime": "0624/133030", "correlationVector":"hMWEt2qu7wTn2XfHW4tBGU.2","action":"ProcessGetUpdates", "result":"Done", "context":{"dataType":"Autofill Profiles", "deleted":"0", "process_failed_to_decrypt":"0", "process_pending_decryption":"0", "process_success":"1", "total":"1"}}
{"logTime": "0624/133030", "correlationVector":"hMWEt2qu7wTn2XfHW4tBGU.3","action":"ProcessGetUpdates", "result":"Done", "context":{"dataType":"Autofill", "deleted":"0", "process_failed_to_decrypt":"0", "process_pending_decryption":"0", "process_success":"8", "total":"8"}}
{"logTime": "0624/133030", "correlationVector":"hMWEt2qu7wTn2XfHW4tBGU.4","action":"ProcessGetUpdates", "result":"Done", "context":{"dataType":"Sessions", "deleted":"238", "process_failed_to_decrypt":"0", "process_pending_decryption":"0", "process_success":"238", "total":"238"}}
{"logTime": "0624/133030", "correlationVector":"hMWEt2qu7wTn2XfHW4tBGU.5","action":"ProcessGetUpdates", "result":"Done", "context":{"dataType":"Saved Tab Group", "deleted":"1", "process_failed_to_decrypt":"0", "process_pending_decryption":"0", "process_success":"1", "total":"1"}}
{"logTime": "0624/133030", "correlationVector":"hMWEt2qu7wTn2XfHW4tBGU.6","action":"ProcessGetUpdates", "result":"Done", "context":{"dataType":"Edge Hub App Usage", "deleted":"1", "process_failed_to_decrypt":"0", "process_pending_decryption":"0", "process_success":"2", "total":"2"}}
{"logTime": "0624/133030", "correlationVector":"hMWEt2qu7wTn2XfHW4tBGU.7","action":"GetUpdates Response", "result":"Success", "context":Received 250 update(s). cV=hMWEt2qu7wTn2XfHW4tBGU.0;server=akswtt010000014;cloudType=Consumer;environment=Prod_westeurope_prod-s01-079-eur-westeurope;migrationStage=NotStarted Some updates remain.}
{"logTime": "0624/133030", "correlationVector":"eS1xJR5E0/DYEhFo7zh+TD","action":"Initial GetUpdates", "result":"", "context":Reason: NEWLY_SUPPORTED_DATATYPE. cV=eS1xJR5E0/DYEhFo7zh+TD}
{"logTime": "0624/133031", "correlationVector":"eS1xJR5E0/DYEhFo7zh+TD.1","action":"SyncServerConnectionManagerRequest", "result":"SYNC_SERVER_OK", "context":{"environment":"Prod_westeurope_prod-s01-079-eur-westeurope", "migrationStage":"NotStarted", "server":"akswtt01000001b"}}
{"logTime": "0624/133031", "correlationVector":"eS1xJR5E0/DYEhFo7zh+TD.2","action":"ProcessGetUpdates", "result":"Done", "context":{"dataType":"Autofill Profiles", "deleted":"0", "process_failed_to_decrypt":"0", "process_pending_decryption":"0", "process_success":"4", "total":"4"}}
{"logTime": "0624/133031", "correlationVector":"eS1xJR5E0/DYEhFo7zh+TD.3","action":"ProcessGetUpdates", "result":"Done", "context":{"dataType":"Autofill", "deleted":"0", "process_failed_to_decrypt":"0", "process_pending_decryption":"0", "process_success":"10", "total":"10"}}
{"logTime": "0624/133031", "correlationVector":"eS1xJR5E0/DYEhFo7zh+TD.4","action":"ProcessGetUpdates", "result":"Done", "context":{"dataType":"Sessions", "deleted":"235", "process_failed_to_decrypt":"0", "process_pending_decryption":"0", "process_success":"235", "total":"235"}}
{"logTime": "0624/133031", "correlationVector":"eS1xJR5E0/DYEhFo7zh+TD.5","action":"ProcessGetUpdates", "result":"Done", "context":{"dataType":"Edge Hub App Usage", "deleted":"0", "process_failed_to_decrypt":"0", "process_pending_decryption":"0", "process_success":"1", "total":"1"}}
{"logTime": "0624/133031", "correlationVector":"eS1xJR5E0/DYEhFo7zh+TD.6","action":"GetUpdates Response", "result":"Success", "context":Received 250 update(s). cV=eS1xJR5E0/DYEhFo7zh+TD.0;server=akswtt01000001b;cloudType=Consumer;environment=Prod_westeurope_prod-s01-079-eur-westeurope;migrationStage=NotStarted Some updates remain.}
{"logTime": "0624/133031", "correlationVector":"520BCZ+66lgb9MmZj/VflA","action":"Initial GetUpdates", "result":"", "context":Reason: NEWLY_SUPPORTED_DATATYPE. cV=520BCZ+66lgb9MmZj/VflA}
{"logTime": "0624/133033", "correlationVector":"520BCZ+66lgb9MmZj/VflA.1","action":"SyncServerConnectionManagerRequest", "result":"SYNC_SERVER_OK", "context":{"environment":"Prod_westeurope_prod-s01-079-eur-westeurope", "migrationStage":"NotStarted", "server":"akswtt01000002f"}}
{"logTime": "0624/133033", "correlationVector":"520BCZ+66lgb9MmZj/VflA.2","action":"ProcessGetUpdates", "result":"Done", "context":{"dataType":"Autofill Profiles", "deleted":"1", "process_failed_to_decrypt":"0", "process_pending_decryption":"0", "process_success":"2", "total":"2"}}
{"logTime": "0624/133033", "correlationVector":"520BCZ+66lgb9MmZj/VflA.3","action":"ProcessGetUpdates", "result":"Done", "context":{"dataType":"Autofill", "deleted":"0", "process_failed_to_decrypt":"0", "process_pending_decryption":"0", "process_success":"9", "total":"9"}}
{"logTime": "0624/133033", "correlationVector":"520BCZ+66lgb9MmZj/VflA.4","action":"ProcessGetUpdates", "result":"Done", "context":{"dataType":"Sessions", "deleted":"212", "process_failed_to_decrypt":"0", "process_pending_decryption":"0", "process_success":"212", "total":"212"}}
{"logTime": "0624/133033", "correlationVector":"520BCZ+66lgb9MmZj/VflA.5","action":"ProcessGetUpdates", "result":"Done", "context":{"dataType":"Saved Tab Group", "deleted":"1", "process_failed_to_decrypt":"0", "process_pending_decryption":"0", "process_success":"1", "total":"1"}}
{"logTime": "0624/133033", "correlationVector":"520BCZ+66lgb9MmZj/VflA.6","action":"ProcessGetUpdates", "result":"Done", "context":{"dataType":"Edge Hub App Usage", "deleted":"3", "process_failed_to_decrypt":"0", "process_pending_decryption":"0", "process_success":"26", "total":"26"}}
{"logTime": "0624/133033", "correlationVector":"520BCZ+66lgb9MmZj/VflA.7","action":"GetUpdates Response", "result":"Success", "context":Received 250 update(s). cV=520BCZ+66lgb9MmZj/VflA.0;server=akswtt01000002f;cloudType=Consumer;environment=Prod_westeurope_prod-s01-079-eur-westeurope;migrationStage=NotStarted Some updates remain.}
{"logTime": "0624/133033", "correlationVector":"G4nrIfZAMRr0dWxQI40l8z","action":"Initial GetUpdates", "result":"", "context":Reason: NEWLY_SUPPORTED_DATATYPE. cV=G4nrIfZAMRr0dWxQI40l8z}
{"logTime": "0624/133034", "correlationVector":"G4nrIfZAMRr0dWxQI40l8z.1","action":"SyncServerConnectionManagerRequest", "result":"SYNC_SERVER_OK", "context":{"environment":"Prod_westeurope_prod-s01-079-eur-westeurope", "migrationStage":"NotStarted", "server":"akswtt01000002f"}}
{"logTime": "0624/133034", "correlationVector":"G4nrIfZAMRr0dWxQI40l8z.2","action":"ProcessGetUpdates", "result":"Done", "context":{"dataType":"Autofill Profiles", "deleted":"3", "process_failed_to_decrypt":"0", "process_pending_decryption":"0", "process_success":"8", "total":"8"}}
{"logTime": "0624/133034", "correlationVector":"G4nrIfZAMRr0dWxQI40l8z.3","action":"ProcessGetUpdates", "result":"Done", "context":{"dataType":"Autofill", "deleted":"0", "process_failed_to_decrypt":"0", "process_pending_decryption":"0", "process_success":"8", "total":"8"}}
{"logTime": "0624/133034", "correlationVector":"G4nrIfZAMRr0dWxQI40l8z.4","action":"ProcessGetUpdates", "result":"Done", "context":{"dataType":"Sessions", "deleted":"231", "process_failed_to_decrypt":"0", "process_pending_decryption":"0", "process_success":"231", "total":"231"}}
{"logTime": "0624/133034", "correlationVector":"G4nrIfZAMRr0dWxQI40l8z.5","action":"ProcessGetUpdates", "result":"Done", "context":{"dataType":"Saved Tab Group", "deleted":"3", "process_failed_to_decrypt":"0", "process_pending_decryption":"0", "process_success":"3", "total":"3"}}
{"logTime": "0624/133034", "correlationVector":"G4nrIfZAMRr0dWxQI40l8z.6","action":"GetUpdates Response", "result":"Success", "context":Received 250 update(s). cV=G4nrIfZAMRr0dWxQI40l8z.0;server=akswtt01000002f;cloudType=Consumer;environment=Prod_westeurope_prod-s01-079-eur-westeurope;migrationStage=NotStarted Some updates remain.}
{"logTime": "0624/133034", "correlationVector":"sNYtiEyIACIy/JEGp6L6oX","action":"Initial GetUpdates", "result":"", "context":Reason: NEWLY_SUPPORTED_DATATYPE. cV=sNYtiEyIACIy/JEGp6L6oX}
{"logTime": "0624/133034", "correlationVector":"sNYtiEyIACIy/JEGp6L6oX.1","action":"SyncServerConnectionManagerRequest", "result":"SYNC_SERVER_OK", "context":{"environment":"Prod_westeurope_prod-s01-079-eur-westeurope", "migrationStage":"NotStarted", "server":"akswtt010000015"}}
{"logTime": "0624/133034", "correlationVector":"sNYtiEyIACIy/JEGp6L6oX.2","action":"ProcessGetUpdates", "result":"Done", "context":{"dataType":"Autofill Profiles", "deleted":"0", "process_failed_to_decrypt":"0", "process_pending_decryption":"0", "process_success":"6", "total":"6"}}
{"logTime": "0624/133034", "correlationVector":"sNYtiEyIACIy/JEGp6L6oX.3","action":"ProcessGetUpdates", "result":"Done", "context":{"dataType":"Autofill", "deleted":"0", "process_failed_to_decrypt":"0", "process_pending_decryption":"0", "process_success":"19", "total":"19"}}
{"logTime": "0624/133034", "correlationVector":"sNYtiEyIACIy/JEGp6L6oX.4","action":"ProcessGetUpdates", "result":"Done", "context":{"dataType":"Sessions", "deleted":"213", "process_failed_to_decrypt":"0", "process_pending_decryption":"0", "process_success":"213", "total":"213"}}
{"logTime": "0624/133034", "correlationVector":"sNYtiEyIACIy/JEGp6L6oX.5","action":"ProcessGetUpdates", "result":"Done", "context":{"dataType":"Edge Hub App Usage", "deleted":"11", "process_failed_to_decrypt":"0", "process_pending_decryption":"0", "process_success":"12", "total":"12"}}
{"logTime": "0624/133034", "correlationVector":"sNYtiEyIACIy/JEGp6L6oX.6","action":"GetUpdates Response", "result":"Success", "context":Received 250 update(s). cV=sNYtiEyIACIy/JEGp6L6oX.0;server=akswtt010000015;cloudType=Consumer;environment=Prod_westeurope_prod-s01-079-eur-westeurope;migrationStage=NotStarted Some updates remain.}
{"logTime": "0624/133034", "correlationVector":"4DGt5eocx/Z+psjJR50GH4","action":"Initial GetUpdates", "result":"", "context":Reason: NEWLY_SUPPORTED_DATATYPE. cV=4DGt5eocx/Z+psjJR50GH4}
{"logTime": "0624/133034", "correlationVector":"4DGt5eocx/Z+psjJR50GH4.1","action":"SyncServerConnectionManagerRequest", "result":"SYNC_SERVER_OK", "context":{"environment":"Prod_westeurope_prod-s01-079-eur-westeurope", "migrationStage":"NotStarted", "server":"akswtt01000000y"}}
{"logTime": "0624/133034", "correlationVector":"4DGt5eocx/Z+psjJR50GH4.2","action":"ProcessGetUpdates", "result":"Done", "context":{"dataType":"Autofill Profiles", "deleted":"1", "process_failed_to_decrypt":"0", "process_pending_decryption":"0", "process_success":"2", "total":"2"}}
{"logTime": "0624/133034", "correlationVector":"4DGt5eocx/Z+psjJR50GH4.3","action":"ProcessGetUpdates", "result":"Done", "context":{"dataType":"Autofill", "deleted":"0", "process_failed_to_decrypt":"0", "process_pending_decryption":"0", "process_success":"8", "total":"8"}}
{"logTime": "0624/133034", "correlationVector":"4DGt5eocx/Z+psjJR50GH4.4","action":"ProcessGetUpdates", "result":"Done", "context":{"dataType":"Sessions", "deleted":"130", "process_failed_to_decrypt":"0", "process_pending_decryption":"0", "process_success":"137", "total":"137"}}
{"logTime": "0624/133034", "correlationVector":"4DGt5eocx/Z+psjJR50GH4.5","action":"GetUpdates Response", "result":"Success", "context":Received 147 update(s). cV=4DGt5eocx/Z+psjJR50GH4.0;server=akswtt01000000y;cloudType=Consumer;environment=Prod_westeurope_prod-s01-079-eur-westeurope;migrationStage=NotStarted}
{"logTime": "0624/133034", "correlationVector":"nzlR50QbBu9csD7K2a/Pwc","action":"Initial GetUpdates", "result":"", "context":Reason: NEWLY_SUPPORTED_DATATYPE. cV=nzlR50QbBu9csD7K2a/Pwc}
{"logTime": "0624/133035", "correlationVector":"nzlR50QbBu9csD7K2a/Pwc.1","action":"SyncServerConnectionManagerRequest", "result":"SYNC_SERVER_OK", "context":{"environment":"Prod_westeurope_prod-s01-079-eur-westeurope", "migrationStage":"NotStarted", "server":"akswtt01000003f"}}
{"logTime": "0624/133035", "correlationVector":"nzlR50QbBu9csD7K2a/Pwc.2","action":"ProcessGetUpdates", "result":"Done", "context":{"dataType":"History", "deleted":"0", "process_failed_to_decrypt":"0", "process_pending_decryption":"0", "process_success":"250", "total":"250"}}
{"logTime": "0624/133035", "correlationVector":"nzlR50QbBu9csD7K2a/Pwc.3","action":"GetUpdates Response", "result":"Success", "context":Received 250 update(s). cV=nzlR50QbBu9csD7K2a/Pwc.0;server=akswtt01000003f;cloudType=Consumer;environment=Prod_westeurope_prod-s01-079-eur-westeurope;migrationStage=NotStarted Some updates remain.}
{"logTime": "0624/133035", "correlationVector":"DZ5ksRuSTpbfNp6HTTA/ee","action":"Initial GetUpdates", "result":"", "context":Reason: NEWLY_SUPPORTED_DATATYPE. cV=DZ5ksRuSTpbfNp6HTTA/ee}
{"logTime": "0624/133036", "correlationVector":"DZ5ksRuSTpbfNp6HTTA/ee.1","action":"SyncServerConnectionManagerRequest", "result":"SYNC_SERVER_OK", "context":{"environment":"Prod_westeurope_prod-s01-079-eur-westeurope", "migrationStage":"NotStarted", "server":"akswtt01000002y"}}
{"logTime": "0624/133036", "correlationVector":"DZ5ksRuSTpbfNp6HTTA/ee.2","action":"ProcessGetUpdates", "result":"Done", "context":{"dataType":"History", "deleted":"0", "process_failed_to_decrypt":"0", "process_pending_decryption":"0", "process_success":"250", "total":"250"}}
{"logTime": "0624/133036", "correlationVector":"DZ5ksRuSTpbfNp6HTTA/ee.3","action":"GetUpdates Response", "result":"Success", "context":Received 250 update(s). cV=DZ5ksRuSTpbfNp6HTTA/ee.0;server=akswtt01000002y;cloudType=Consumer;environment=Prod_westeurope_prod-s01-079-eur-westeurope;migrationStage=NotStarted Some updates remain.}
{"logTime": "0624/133036", "correlationVector":"TYVmrs9Y+kaZ9FNgNdAMfP","action":"Initial GetUpdates", "result":"", "context":Reason: NEWLY_SUPPORTED_DATATYPE. cV=TYVmrs9Y+kaZ9FNgNdAMfP}
{"logTime": "0624/133037", "correlationVector":"TYVmrs9Y+kaZ9FNgNdAMfP.1","action":"SyncServerConnectionManagerRequest", "result":"SYNC_SERVER_OK", "context":{"environment":"Prod_westeurope_prod-s01-079-eur-westeurope", "migrationStage":"NotStarted", "server":"akswtt01000000j"}}
{"logTime": "0624/133037", "correlationVector":"TYVmrs9Y+kaZ9FNgNdAMfP.2","action":"ProcessGetUpdates", "result":"Done", "context":{"dataType":"History", "deleted":"0", "process_failed_to_decrypt":"0", "process_pending_decryption":"0", "process_success":"250", "total":"250"}}
{"logTime": "0624/133037", "correlationVector":"TYVmrs9Y+kaZ9FNgNdAMfP.3","action":"GetUpdates Response", "result":"Success", "context":Received 250 update(s). cV=TYVmrs9Y+kaZ9FNgNdAMfP.0;server=akswtt01000000j;cloudType=Consumer;environment=Prod_westeurope_prod-s01-079-eur-westeurope;migrationStage=NotStarted Some updates remain.}
{"logTime": "0624/133037", "correlationVector":"47VXPHt+7svkNyOpLYFTz0","action":"Initial GetUpdates", "result":"", "context":Reason: NEWLY_SUPPORTED_DATATYPE. cV=47VXPHt+7svkNyOpLYFTz0}
{"logTime": "0624/133038", "correlationVector":"47VXPHt+7svkNyOpLYFTz0.1","action":"SyncServerConnectionManagerRequest", "result":"SYNC_SERVER_OK", "context":{"environment":"Prod_westeurope_prod-s01-079-eur-westeurope", "migrationStage":"NotStarted", "server":"akswtt010000015"}}
{"logTime": "0624/133038", "correlationVector":"47VXPHt+7svkNyOpLYFTz0.2","action":"ProcessGetUpdates", "result":"Done", "context":{"dataType":"History", "deleted":"0", "process_failed_to_decrypt":"0", "process_pending_decryption":"0", "process_success":"250", "total":"250"}}
{"logTime": "0624/133038", "correlationVector":"47VXPHt+7svkNyOpLYFTz0.3","action":"GetUpdates Response", "result":"Success", "context":Received 250 update(s). cV=47VXPHt+7svkNyOpLYFTz0.0;server=akswtt010000015;cloudType=Consumer;environment=Prod_westeurope_prod-s01-079-eur-westeurope;migrationStage=NotStarted Some updates remain.}
{"logTime": "0624/133038", "correlationVector":"2VIH5q+XhCrkCw13p1ItMj","action":"Initial GetUpdates", "result":"", "context":Reason: NEWLY_SUPPORTED_DATATYPE. cV=2VIH5q+XhCrkCw13p1ItMj}
{"logTime": "0624/133039", "correlationVector":"2VIH5q+XhCrkCw13p1ItMj.1","action":"SyncServerConnectionManagerRequest", "result":"SYNC_SERVER_OK", "context":{"environment":"Prod_westeurope_prod-s01-079-eur-westeurope", "migrationStage":"NotStarted", "server":"akswtt010000039"}}
{"logTime": "0624/133039", "correlationVector":"2VIH5q+XhCrkCw13p1ItMj.2","action":"ProcessGetUpdates", "result":"Done", "context":{"dataType":"History", "deleted":"0", "process_failed_to_decrypt":"0", "process_pending_decryption":"0", "process_success":"250", "total":"250"}}
{"logTime": "0624/133039", "correlationVector":"2VIH5q+XhCrkCw13p1ItMj.3","action":"GetUpdates Response", "result":"Success", "context":Received 250 update(s). cV=2VIH5q+XhCrkCw13p1ItMj.0;server=akswtt010000039;cloudType=Consumer;environment=Prod_westeurope_prod-s01-079-eur-westeurope;migrationStage=NotStarted Some updates remain.}
{"logTime": "0624/133039", "correlationVector":"F3mPvbC5xUpxkKmKFthKt1","action":"Initial GetUpdates", "result":"", "context":Reason: NEWLY_SUPPORTED_DATATYPE. cV=F3mPvbC5xUpxkKmKFthKt1}
{"logTime": "0624/133040", "correlationVector":"F3mPvbC5xUpxkKmKFthKt1.1","action":"SyncServerConnectionManagerRequest", "result":"SYNC_SERVER_OK", "context":{"environment":"Prod_westeurope_prod-s01-079-eur-westeurope", "migrationStage":"NotStarted", "server":"akswtt01000002f"}}
{"logTime": "0624/133040", "correlationVector":"F3mPvbC5xUpxkKmKFthKt1.2","action":"ProcessGetUpdates", "result":"Done", "context":{"dataType":"History", "deleted":"0", "process_failed_to_decrypt":"0", "process_pending_decryption":"0", "process_success":"250", "total":"250"}}
{"logTime": "0624/133040", "correlationVector":"F3mPvbC5xUpxkKmKFthKt1.3","action":"GetUpdates Response", "result":"Success", "context":Received 250 update(s). cV=F3mPvbC5xUpxkKmKFthKt1.0;server=akswtt01000002f;cloudType=Consumer;environment=Prod_westeurope_prod-s01-079-eur-westeurope;migrationStage=NotStarted Some updates remain.}
{"logTime": "0624/133040", "correlationVector":"6MQJCIerM/qAy6qe0s5ZlN","action":"Initial GetUpdates", "result":"", "context":Reason: NEWLY_SUPPORTED_DATATYPE. cV=6MQJCIerM/qAy6qe0s5ZlN}
{"logTime": "0624/133040", "correlationVector":"6MQJCIerM/qAy6qe0s5ZlN.1","action":"SyncServerConnectionManagerRequest", "result":"SYNC_SERVER_OK", "context":{"environment":"Prod_westeurope_prod-s01-079-eur-westeurope", "migrationStage":"NotStarted", "server":"akswtt01000003n"}}
{"logTime": "0624/133040", "correlationVector":"6MQJCIerM/qAy6qe0s5ZlN.2","action":"ProcessGetUpdates", "result":"Done", "context":{"dataType":"History", "deleted":"0", "process_failed_to_decrypt":"0", "process_pending_decryption":"0", "process_success":"39", "total":"39"}}
{"logTime": "0624/133040", "correlationVector":"6MQJCIerM/qAy6qe0s5ZlN.3","action":"GetUpdates Response", "result":"Success", "context":Received 39 update(s). cV=6MQJCIerM/qAy6qe0s5ZlN.0;server=akswtt01000003n;cloudType=Consumer;environment=Prod_westeurope_prod-s01-079-eur-westeurope;migrationStage=NotStarted}
{"logTime": "0624/133040", "correlationVector":"GzKXkm4hR70cjMGqKD2M4+","action":"Normal GetUpdate request", "result":"", "context":cV=GzKXkm4hR70cjMGqKD2M4+
Nudged types: Sessions, Device Info, User Consents
Refresh requested types: Bookmarks, Preferences, Passwords, Autofill Profiles, Autofill, Extensions, Sessions, Extension settings, History Delete Directives, Device Info, User Consents, Send Tab To Self, Web Apps, History, Saved Tab Group, WebAuthn Credentials, Collection, Edge E Drop, Edge Hub App Usage, Edge Wallet, Encryption Keys}
{"logTime": "0624/133041", "correlationVector":"GzKXkm4hR70cjMGqKD2M4+.1","action":"SyncServerConnectionManagerRequest", "result":"SYNC_SERVER_OK", "context":{"environment":"Prod_westeurope_prod-s01-079-eur-westeurope", "migrationStage":"NotStarted", "server":"akswtt01000002l"}}
{"logTime": "0624/133041", "correlationVector":"GzKXkm4hR70cjMGqKD2M4+.2","action":"GetUpdates Response", "result":"Success", "context":Received 0 update(s). cV=GzKXkm4hR70cjMGqKD2M4+.0;server=akswtt01000002l;cloudType=Consumer;environment=Prod_westeurope_prod-s01-079-eur-westeurope;migrationStage=NotStarted}
{"logTime": "0624/133041", "correlationVector":"WugV5nBJgrL+D0yBtdpRhw","action":"DoCompareDataConsistency requsted types: ", "result":"Bookmarks, Preferences, Passwords, Extensions, Extension settings, History Delete Directives, Send Tab To Self, Web Apps, History, Saved Tab Group, WebAuthn Credentials, Collection, Edge E Drop, Edge Wallet, Encryption Keys"}
{"logTime": "0624/133041", "correlationVector":"WugV5nBJgrL+D0yBtdpRhw.0","action":"CompareDataConsistency result: ", "result":"Compare result: Encryption Keys is consistent. local entities count is: 1 local entities hash is: eUBABSaZQ0NkXHxWPPMCpxCis0w="}
{"logTime": "0624/133041", "correlationVector":"WugV5nBJgrL+D0yBtdpRhw.1","action":"CompareDataConsistency result: ", "result":"Compare result: Bookmarks is consistent. local entities count is: 97 local entities hash is: ATi4KnAh+83JmYYisuyHnh1IIpg="}
{"logTime": "0624/133041", "correlationVector":"WugV5nBJgrL+D0yBtdpRhw.2","action":"CompareDataConsistency result: ", "result":"Compare result: Preferences is consistent. local entities count is: 83 local entities hash is: F1boD5WS0SPmL/9IODPeefKmEs4="}
{"logTime": "0624/133041", "correlationVector":"WugV5nBJgrL+D0yBtdpRhw.3","action":"CompareDataConsistency result: ", "result":"Compare result: Extensions is consistent. local entities count is: 0 local entities hash is: "}
{"logTime": "0624/133041", "correlationVector":"WugV5nBJgrL+D0yBtdpRhw.4","action":"CompareDataConsistency result: ", "result":"Compare result: Extension settings is consistent. local entities count is: 0 local entities hash is: "}
{"logTime": "0624/133041", "correlationVector":"WugV5nBJgrL+D0yBtdpRhw.5","action":"CompareDataConsistency result: ", "result":"Compare result: History Delete Directives is consistent. local entities count is: 0 local entities hash is: "}
{"logTime": "0624/133041", "correlationVector":"WugV5nBJgrL+D0yBtdpRhw.6","action":"CompareDataConsistency result: ", "result":"Server did not send this Send Tab To Self local entities count is: 0 local entities hash is: "}
{"logTime": "0624/133041", "correlationVector":"WugV5nBJgrL+D0yBtdpRhw.7","action":"CompareDataConsistency result: ", "result":"Compare result: Web Apps is consistent. local entities count is: 0 local entities hash is: "}
{"logTime": "0624/133041", "correlationVector":"WugV5nBJgrL+D0yBtdpRhw.8","action":"CompareDataConsistency result: ", "result":"Server did not send this History local entities count is: 0 local entities hash is: "}
{"logTime": "0624/133041", "correlationVector":"WugV5nBJgrL+D0yBtdpRhw.9","action":"CompareDataConsistency result: ", "result":"Compare result: Saved Tab Group is consistent. local entities count is: 0 local entities hash is: "}
{"logTime": "0624/133041", "correlationVector":"WugV5nBJgrL+D0yBtdpRhw.10","action":"CompareDataConsistency result: ", "result":"Server did not send this WebAuthn Credentials local entities count is: 0 local entities hash is: "}
{"logTime": "0624/133041", "correlationVector":"WugV5nBJgrL+D0yBtdpRhw.11","action":"CompareDataConsistency result: ", "result":"Compare result: Collection is consistent. local entities count is: 0 local entities hash is: "}
{"logTime": "0624/133041", "correlationVector":"WugV5nBJgrL+D0yBtdpRhw.12","action":"CompareDataConsistency result: ", "result":"Compare result: Edge E Drop is consistent. local entities count is: 0 local entities hash is: "}
{"logTime": "0624/133041", "correlationVector":"WugV5nBJgrL+D0yBtdpRhw.13","action":"CompareDataConsistency result: ", "result":"Compare result: Edge Wallet is consistent. local entities count is: 0 local entities hash is: "}
{"logTime": "0624/133041", "correlationVector":"WugV5nBJgrL+D0yBtdpRhw.14","action":"CompareDataConsistency result: ", "result":"Compare result: Passwords is consistent. local entities count is: 151 local entities hash is: HDWJ7yKL6aYgsJzdxayJAZsjD+w="}
{"logTime": "0624/133041", "correlationVector":"9SNb5JhGus1YScfkRoUCsY","action":"Commit Request", "result":"", "context":Item count: 5
Contributing types: Sessions, Device Info, User Consents}
{"logTime": "0624/133042", "correlationVector":"9SNb5JhGus1YScfkRoUCsY.1","action":"SyncServerConnectionManagerRequest", "result":"SYNC_SERVER_OK", "context":{"environment":"Prod_westeurope_prod-s01-079-eur-westeurope", "migrationStage":"NotStarted", "server":"akswtt01000000j"}}
{"logTime": "0624/133042", "correlationVector":"9SNb5JhGus1YScfkRoUCsY.2","action":"Commit Response", "result":"Success", "context":Result: Success. cV=9SNb5JhGus1YScfkRoUCsY.0;server=akswtt01000000j;cloudType=Consumer;environment=Prod_westeurope_prod-s01-079-eur-westeurope;migrationStage=NotStarted}
{"logTime": "0624/133042", "correlationVector":"","action":"DIAGNOSTIC_REQUEST|v1/diagnosticData/Diagnostic.SendCheckResult()|SUCCESS", "result":""}
{"logTime": "0624/133122", "correlationVector":"jOGKR72aZtb5LM6tXlcjFa","action":"Commit Request", "result":"", "context":Item count: 40
Contributing types: Passwords}
{"logTime": "0624/133125", "correlationVector":"jOGKR72aZtb5LM6tXlcjFa.1","action":"SyncServerConnectionManagerRequest", "result":"SYNC_SERVER_OK", "context":{"environment":"Prod_westeurope_prod-s01-079-eur-westeurope", "migrationStage":"NotStarted", "server":"akswtt01000000x"}}
{"logTime": "0624/133125", "correlationVector":"jOGKR72aZtb5LM6tXlcjFa.2","action":"Commit Response", "result":"Success", "context":Result: Success. cV=jOGKR72aZtb5LM6tXlcjFa.0;server=akswtt01000000x;cloudType=Consumer;environment=Prod_westeurope_prod-s01-079-eur-westeurope;migrationStage=NotStarted}
{"logTime": "0624/133125", "correlationVector":"qBtK0VpjW9MbnDm9zxEek5","action":"Commit Request", "result":"", "context":Item count: 40
Contributing types: Passwords}
{"logTime": "0624/133127", "correlationVector":"qBtK0VpjW9MbnDm9zxEek5.1","action":"SyncServerConnectionManagerRequest", "result":"SYNC_SERVER_OK", "context":{"environment":"Prod_westeurope_prod-s01-079-eur-westeurope", "migrationStage":"NotStarted", "server":"akswtt01000001u"}}
{"logTime": "0624/133127", "correlationVector":"qBtK0VpjW9MbnDm9zxEek5.2","action":"Commit Response", "result":"Success", "context":Result: Success. cV=qBtK0VpjW9MbnDm9zxEek5.0;server=akswtt01000001u;cloudType=Consumer;environment=Prod_westeurope_prod-s01-079-eur-westeurope;migrationStage=NotStarted}
{"logTime": "0624/133127", "correlationVector":"HinA8EhI4UXlBpbs8eFMwC","action":"Commit Request", "result":"", "context":Item count: 40
Contributing types: Passwords}
{"logTime": "0624/133130", "correlationVector":"HinA8EhI4UXlBpbs8eFMwC.1","action":"SyncServerConnectionManagerRequest", "result":"SYNC_SERVER_OK", "context":{"environment":"Prod_westeurope_prod-s01-079-eur-westeurope", "migrationStage":"NotStarted", "server":"akswtt01000003n"}}
{"logTime": "0624/133130", "correlationVector":"HinA8EhI4UXlBpbs8eFMwC.2","action":"Commit Response", "result":"Success", "context":Result: Success. cV=HinA8EhI4UXlBpbs8eFMwC.0;server=akswtt01000003n;cloudType=Consumer;environment=Prod_westeurope_prod-s01-079-eur-westeurope;migrationStage=NotStarted}
{"logTime": "0624/133130", "correlationVector":"j2XzKaB0ZeH78v8CaRdg3/","action":"Commit Request", "result":"", "context":Item count: 26
Contributing types: Passwords, History}
{"logTime": "0624/133131", "correlationVector":"j2XzKaB0ZeH78v8CaRdg3/.1","action":"SyncServerConnectionManagerRequest", "result":"SYNC_SERVER_OK", "context":{"environment":"Prod_westeurope_prod-s01-079-eur-westeurope", "migrationStage":"NotStarted", "server":"akswtt01000001r"}}
{"logTime": "0624/133131", "correlationVector":"j2XzKaB0ZeH78v8CaRdg3/.2","action":"Commit Response", "result":"Success", "context":Result: Success. cV=j2XzKaB0ZeH78v8CaRdg3/.0;server=akswtt01000001r;cloudType=Consumer;environment=Prod_westeurope_prod-s01-079-eur-westeurope;migrationStage=NotStarted}
{"logTime": "0624/133140", "correlationVector":"yh6c5YQi8Y0N8XEfJ7+SIL","action":"Normal GetUpdate request", "result":"", "context":cV=yh6c5YQi8Y0N8XEfJ7+SIL
Notified types: Device Info}
{"logTime": "0624/133141", "correlationVector":"yh6c5YQi8Y0N8XEfJ7+SIL.1","action":"SyncServerConnectionManagerRequest", "result":"SYNC_SERVER_OK", "context":{"environment":"Prod_westeurope_prod-s01-079-eur-westeurope", "migrationStage":"NotStarted", "server":"akswtt01000002j"}}
{"logTime": "0624/133141", "correlationVector":"yh6c5YQi8Y0N8XEfJ7+SIL.2","action":"ProcessGetUpdates", "result":"Done", "context":{"dataType":"Passwords", "deleted":"0", "process_failed_to_decrypt":"0", "process_pending_decryption":"0", "process_success":"145", "total":"145"}}
{"logTime": "0624/133141", "correlationVector":"yh6c5YQi8Y0N8XEfJ7+SIL.3","action":"ProcessGetUpdates", "result":"Done", "context":{"dataType":"Sessions", "deleted":"0", "process_failed_to_decrypt":"0", "process_pending_decryption":"0", "process_success":"2", "total":"2"}}
{"logTime": "0624/133141", "correlationVector":"yh6c5YQi8Y0N8XEfJ7+SIL.4","action":"ProcessGetUpdates", "result":"Done", "context":{"dataType":"Device Info", "deleted":"0", "process_failed_to_decrypt":"0", "process_pending_decryption":"0", "process_success":"2", "total":"2"}}
{"logTime": "0624/133141", "correlationVector":"yh6c5YQi8Y0N8XEfJ7+SIL.5","action":"ProcessGetUpdates", "result":"Done", "context":{"dataType":"History", "deleted":"0", "process_failed_to_decrypt":"0", "process_pending_decryption":"0", "process_success":"1", "total":"1"}}
{"logTime": "0624/133141", "correlationVector":"yh6c5YQi8Y0N8XEfJ7+SIL.6","action":"GetUpdates Response", "result":"Success", "context":Received 150 update(s). cV=yh6c5YQi8Y0N8XEfJ7+SIL.0;server=akswtt01000002j;cloudType=Consumer;environment=Prod_westeurope_prod-s01-079-eur-westeurope;migrationStage=NotStarted}
{"logTime": "0624/133143", "correlationVector":"tnB2VfvHUXdaDmmXZ/qfF5","action":"Normal GetUpdate request", "result":"", "context":cV=tnB2VfvHUXdaDmmXZ/qfF5
Notified types: Preferences, History}
{"logTime": "0624/133143", "correlationVector":"tnB2VfvHUXdaDmmXZ/qfF5.1","action":"SyncServerConnectionManagerRequest", "result":"SYNC_SERVER_OK", "context":{"environment":"Prod_westeurope_prod-s01-079-eur-westeurope", "migrationStage":"NotStarted", "server":"akswtt01000001o"}}
{"logTime": "0624/133143", "correlationVector":"tnB2VfvHUXdaDmmXZ/qfF5.2","action":"ProcessGetUpdates", "result":"Done", "context":{"dataType":"Preferences", "deleted":"0", "process_failed_to_decrypt":"0", "process_pending_decryption":"0", "process_success":"1", "total":"1"}}
{"logTime": "0624/133143", "correlationVector":"tnB2VfvHUXdaDmmXZ/qfF5.3","action":"ProcessGetUpdates", "result":"Done", "context":{"dataType":"Sessions", "deleted":"0", "process_failed_to_decrypt":"0", "process_pending_decryption":"0", "process_success":"2", "total":"2"}}
{"logTime": "0624/133143", "correlationVector":"tnB2VfvHUXdaDmmXZ/qfF5.4","action":"ProcessGetUpdates", "result":"Done", "context":{"dataType":"History", "deleted":"0", "process_failed_to_decrypt":"0", "process_pending_decryption":"0", "process_success":"1", "total":"1"}}
{"logTime": "0624/133143", "correlationVector":"tnB2VfvHUXdaDmmXZ/qfF5.5","action":"GetUpdates Response", "result":"Success", "context":Received 4 update(s). cV=tnB2VfvHUXdaDmmXZ/qfF5.0;server=akswtt01000001o;cloudType=Consumer;environment=Prod_westeurope_prod-s01-079-eur-westeurope;migrationStage=NotStarted}
{"logTime": "0624/133157", "correlationVector":"Ga8eDqsSVw2Sa0U3p+8Bea","action":"Normal GetUpdate request", "result":"", "context":cV=Ga8eDqsSVw2Sa0U3p+8Bea
Notified types: Device Info, History}
{"logTime": "0624/133157", "correlationVector":"Ga8eDqsSVw2Sa0U3p+8Bea.1","action":"SyncServerConnectionManagerRequest", "result":"SYNC_SERVER_OK", "context":{"environment":"Prod_westeurope_prod-s01-079-eur-westeurope", "migrationStage":"NotStarted", "server":"akswtt01000002j"}}
{"logTime": "0624/133157", "correlationVector":"Ga8eDqsSVw2Sa0U3p+8Bea.2","action":"ProcessGetUpdates", "result":"Done", "context":{"dataType":"Sessions", "deleted":"0", "process_failed_to_decrypt":"0", "process_pending_decryption":"0", "process_success":"3", "total":"3"}}
{"logTime": "0624/133157", "correlationVector":"Ga8eDqsSVw2Sa0U3p+8Bea.3","action":"ProcessGetUpdates", "result":"Done", "context":{"dataType":"Device Info", "deleted":"0", "process_failed_to_decrypt":"0", "process_pending_decryption":"0", "process_success":"1", "total":"1"}}
{"logTime": "0624/133157", "correlationVector":"Ga8eDqsSVw2Sa0U3p+8Bea.4","action":"ProcessGetUpdates", "result":"Done", "context":{"dataType":"History", "deleted":"0", "process_failed_to_decrypt":"0", "process_pending_decryption":"0", "process_success":"5", "total":"5"}}
{"logTime": "0624/133157", "correlationVector":"Ga8eDqsSVw2Sa0U3p+8Bea.5","action":"GetUpdates Response", "result":"Success", "context":Received 9 update(s). cV=Ga8eDqsSVw2Sa0U3p+8Bea.0;server=akswtt01000002j;cloudType=Consumer;environment=Prod_westeurope_prod-s01-079-eur-westeurope;migrationStage=NotStarted}
{"logTime": "0624/133158", "correlationVector":"xVPGzQDwL5z/ZatdipSiDe","action":"Normal GetUpdate request", "result":"", "context":cV=xVPGzQDwL5z/ZatdipSiDe
Notified types: Preferences, Device Info, History}
{"logTime": "0624/133158", "correlationVector":"xVPGzQDwL5z/ZatdipSiDe.1","action":"SyncServerConnectionManagerRequest", "result":"SYNC_SERVER_OK", "context":{"environment":"Prod_westeurope_prod-s01-079-eur-westeurope", "migrationStage":"NotStarted", "server":"akswtt01000000x"}}
{"logTime": "0624/133158", "correlationVector":"xVPGzQDwL5z/ZatdipSiDe.2","action":"ProcessGetUpdates", "result":"Done", "context":{"dataType":"Preferences", "deleted":"0", "process_failed_to_decrypt":"0", "process_pending_decryption":"0", "process_success":"2", "total":"2"}}
{"logTime": "0624/133158", "correlationVector":"xVPGzQDwL5z/ZatdipSiDe.3","action":"ProcessGetUpdates", "result":"Done", "context":{"dataType":"Sessions", "deleted":"1", "process_failed_to_decrypt":"0", "process_pending_decryption":"0", "process_success":"2", "total":"2"}}
{"logTime": "0624/133158", "correlationVector":"xVPGzQDwL5z/ZatdipSiDe.4","action":"ProcessGetUpdates", "result":"Done", "context":{"dataType":"Device Info", "deleted":"0", "process_failed_to_decrypt":"0", "process_pending_decryption":"0", "process_success":"1", "total":"1"}}
{"logTime": "0624/133158", "correlationVector":"xVPGzQDwL5z/ZatdipSiDe.5","action":"ProcessGetUpdates", "result":"Done", "context":{"dataType":"History", "deleted":"0", "process_failed_to_decrypt":"0", "process_pending_decryption":"0", "process_success":"2", "total":"2"}}
{"logTime": "0624/133158", "correlationVector":"xVPGzQDwL5z/ZatdipSiDe.6","action":"GetUpdates Response", "result":"Success", "context":Received 7 update(s). cV=xVPGzQDwL5z/ZatdipSiDe.0;server=akswtt01000000x;cloudType=Consumer;environment=Prod_westeurope_prod-s01-079-eur-westeurope;migrationStage=NotStarted}
{"logTime": "0624/133200", "correlationVector":"zPOe/FfFmMMsdN7RGMyiVY","action":"Normal GetUpdate request", "result":"", "context":cV=zPOe/FfFmMMsdN7RGMyiVY
Notified types: Preferences, History}
{"logTime": "0624/133200", "correlationVector":"zPOe/FfFmMMsdN7RGMyiVY.1","action":"SyncServerConnectionManagerRequest", "result":"SYNC_SERVER_OK", "context":{"environment":"Prod_westeurope_prod-s01-079-eur-westeurope", "migrationStage":"NotStarted", "server":"akswtt01000003j"}}
{"logTime": "0624/133200", "correlationVector":"zPOe/FfFmMMsdN7RGMyiVY.2","action":"ProcessGetUpdates", "result":"Done", "context":{"dataType":"Preferences", "deleted":"0", "process_failed_to_decrypt":"0", "process_pending_decryption":"0", "process_success":"1", "total":"1"}}
{"logTime": "0624/133200", "correlationVector":"zPOe/FfFmMMsdN7RGMyiVY.3","action":"ProcessGetUpdates", "result":"Done", "context":{"dataType":"Sessions", "deleted":"0", "process_failed_to_decrypt":"0", "process_pending_decryption":"0", "process_success":"1", "total":"1"}}
{"logTime": "0624/133200", "correlationVector":"zPOe/FfFmMMsdN7RGMyiVY.4","action":"ProcessGetUpdates", "result":"Done", "context":{"dataType":"History", "deleted":"0", "process_failed_to_decrypt":"0", "process_pending_decryption":"0", "process_success":"2", "total":"2"}}
{"logTime": "0624/133200", "correlationVector":"zPOe/FfFmMMsdN7RGMyiVY.5","action":"GetUpdates Response", "result":"Success", "context":Received 4 update(s). cV=zPOe/FfFmMMsdN7RGMyiVY.0;server=akswtt01000003j;cloudType=Consumer;environment=Prod_westeurope_prod-s01-079-eur-westeurope;migrationStage=NotStarted}
{"logTime": "0624/133303", "correlationVector":"pABov0F+5ikzcv8+STzota","action":"Normal GetUpdate request", "result":"", "context":cV=pABov0F+5ikzcv8+STzota
Nudged types: Sessions
Notified types: History}
{"logTime": "0624/133303", "correlationVector":"pABov0F+5ikzcv8+STzota.1","action":"SyncServerConnectionManagerRequest", "result":"SYNC_SERVER_OK", "context":{"environment":"Prod_westeurope_prod-s01-079-eur-westeurope", "migrationStage":"NotStarted", "server":"akswtt01000000v"}}
{"logTime": "0624/133303", "correlationVector":"pABov0F+5ikzcv8+STzota.2","action":"ProcessGetUpdates", "result":"Done", "context":{"dataType":"Sessions", "deleted":"0", "process_failed_to_decrypt":"0", "process_pending_decryption":"0", "process_success":"1", "total":"1"}}
{"logTime": "0624/133303", "correlationVector":"pABov0F+5ikzcv8+STzota.3","action":"ProcessGetUpdates", "result":"Done", "context":{"dataType":"History", "deleted":"0", "process_failed_to_decrypt":"0", "process_pending_decryption":"0", "process_success":"15", "total":"15"}}
{"logTime": "0624/133303", "correlationVector":"pABov0F+5ikzcv8+STzota.4","action":"GetUpdates Response", "result":"Success", "context":Received 16 update(s). cV=pABov0F+5ikzcv8+STzota.0;server=akswtt01000000v;cloudType=Consumer;environment=Prod_westeurope_prod-s01-079-eur-westeurope;migrationStage=NotStarted}
{"logTime": "0624/133303", "correlationVector":"xT+wCzqfCJXX1DK7o7LHxl","action":"Commit Request", "result":"", "context":Item count: 1
Contributing types: Sessions}
{"logTime": "0624/133303", "correlationVector":"xT+wCzqfCJXX1DK7o7LHxl.1","action":"SyncServerConnectionManagerRequest", "result":"SYNC_SERVER_OK", "context":{"environment":"Prod_westeurope_prod-s01-079-eur-westeurope", "migrationStage":"NotStarted", "server":"akswtt010000022"}}
{"logTime": "0624/133303", "correlationVector":"xT+wCzqfCJXX1DK7o7LHxl.2","action":"Commit Response", "result":"Success", "context":Result: Success. cV=xT+wCzqfCJXX1DK7o7LHxl.0;server=akswtt010000022;cloudType=Consumer;environment=Prod_westeurope_prod-s01-079-eur-westeurope;migrationStage=NotStarted}
{"logTime": "0624/133404", "correlationVector":"CSVPiOkifp/ef46QRFjOYJ","action":"Normal GetUpdate request", "result":"", "context":cV=CSVPiOkifp/ef46QRFjOYJ
Notified types: History}
{"logTime": "0624/133404", "correlationVector":"CSVPiOkifp/ef46QRFjOYJ.1","action":"SyncServerConnectionManagerRequest", "result":"SYNC_SERVER_OK", "context":{"environment":"Prod_westeurope_prod-s01-079-eur-westeurope", "migrationStage":"NotStarted", "server":"akswtt01000000b"}}
{"logTime": "0624/133404", "correlationVector":"CSVPiOkifp/ef46QRFjOYJ.2","action":"ProcessGetUpdates", "result":"Done", "context":{"dataType":"Sessions", "deleted":"0", "process_failed_to_decrypt":"0", "process_pending_decryption":"0", "process_success":"2", "total":"2"}}
{"logTime": "0624/133404", "correlationVector":"CSVPiOkifp/ef46QRFjOYJ.3","action":"ProcessGetUpdates", "result":"Done", "context":{"dataType":"History", "deleted":"0", "process_failed_to_decrypt":"0", "process_pending_decryption":"0", "process_success":"2", "total":"2"}}
{"logTime": "0624/133404", "correlationVector":"CSVPiOkifp/ef46QRFjOYJ.4","action":"GetUpdates Response", "result":"Success", "context":Received 4 update(s). cV=CSVPiOkifp/ef46QRFjOYJ.0;server=akswtt01000000b;cloudType=Consumer;environment=Prod_westeurope_prod-s01-079-eur-westeurope;migrationStage=NotStarted}
{"logTime": "0624/133615", "correlationVector":"2S4S2V1ER+A0x6z4XaobKI","action":"Commit Request", "result":"", "context":Item count: 3
Contributing types: Sessions, History}
{"logTime": "0624/133616", "correlationVector":"2S4S2V1ER+A0x6z4XaobKI.1","action":"SyncServerConnectionManagerRequest", "result":"SYNC_SERVER_OK", "context":{"environment":"Prod_westeurope_prod-s01-079-eur-westeurope", "migrationStage":"NotStarted", "server":"akswtt01000000e"}}
{"logTime": "0624/133616", "correlationVector":"2S4S2V1ER+A0x6z4XaobKI.2","action":"Commit Response", "result":"Success", "context":Result: Success. cV=2S4S2V1ER+A0x6z4XaobKI.0;server=akswtt01000000e;cloudType=Consumer;environment=Prod_westeurope_prod-s01-079-eur-westeurope;migrationStage=NotStarted}
{"logTime": "0624/134045", "correlationVector":"Ua51QjubYWJWh0EhpMZPfb","action":"Commit Request", "result":"", "context":Item count: 1
Contributing types: Sessions}
{"logTime": "0624/134045", "correlationVector":"Ua51QjubYWJWh0EhpMZPfb.1","action":"SyncServerConnectionManagerRequest", "result":"SYNC_SERVER_OK", "context":{"environment":"Prod_westeurope_prod-s01-079-eur-westeurope", "migrationStage":"NotStarted", "server":"akswtt01000003i"}}
{"logTime": "0624/134045", "correlationVector":"Ua51QjubYWJWh0EhpMZPfb.2","action":"Commit Response", "result":"Success", "context":Result: Success. cV=Ua51QjubYWJWh0EhpMZPfb.0;server=akswtt01000003i;cloudType=Consumer;environment=Prod_westeurope_prod-s01-079-eur-westeurope;migrationStage=NotStarted}
{"logTime": "0624/142956", "correlationVector":"5VYLLEWQOJ79vdandkCl8a.1","action":"SyncServerConnectionManagerRequest", "result":"SYNC_SERVER_OK", "context":{"environment":"Prod_westeurope_prod-s01-080-eur-westeurope", "migrationStage":"NotStarted", "server":"akswtt01200002l"}}
{"logTime": "0624/142956", "correlationVector":"5VYLLEWQOJ79vdandkCl8a.2","action":"ProcessGetUpdates", "result":"Done", "context":{"dataType":"Encryption Keys", "deleted":"0", "process_failed_to_decrypt":"0", "process_pending_decryption":"0", "process_success":"1", "total":"1"}}
{"logTime": "0624/142957", "correlationVector":"VAFehXerdZzNb5dXlTjWqK","action":"SyncServerConnectionManagerRequest", "result":"SYNC_SERVER_OK", "context":{"environment":"", "migrationStage":"", "server":""}}
{"logTime": "0624/142957", "correlationVector":"VAFehXerdZzNb5dXlTjWqK.0","action":"EncryptionKeysFetcher.DownloadKeys:", "result":"Success", "context":Key count: 7, Last key timestamp: 2025-02-12T18:09:41Z}
{"logTime": "0624/142957", "correlationVector":"VAFehXerdZzNb5dXlTjWqK.1","action":"EncryptionKeysManager::SetEncryptionKeys:", "result":"Success", "context":Key names[7]:[zdcCm+qk2uYNoAOHwezkTJ2qGNmOP+kBtAQyw+lP04bWojW9U8IVOeVDMuu13f2s53110ZaCIct0H4rq+gT0TA==][rt91HUtuYeMBGpPvSdS49TOPgbhZ9ykydpgd5qGij7oBtUgwA5TGz3mzBP21WfGEZ6hwcHvJoXihOyzZT9NEtg==][0TqX1kKSe4TfnfVmkN7KjGwQBLvGzEcesxX9tmTYgr7Z+ra1Z471o2suZHH+lx/VYAFrRzP22SYctKwY6VfvOQ==][D2lxo+4L4NpvHdZhI+BTzmVuSXW9Nojx1ZsEMZ8hJNiW9PBZH6U8r/uGUvyZjnS5N9AQhWj8gXx3pmZMYP772g==][xr2jmCMIWpIgXtxSEf4I04K/ll62iYESCyNEQ8VLx0z0cn22xjYRSQYtCgG9AJUYsSrQ1/7gPk5x8zGuYpv3Kg==][TE1q0IFUex5A2+G4OB1uFkTOPO2uTWmXdgFUxjhn2L12b9zlsL68lrZNJIInRLtghf9YcHk9RXNdK/z9N9CClw==][oYrmEKoW9PRlhr6CExD0+FXnAukiShwWnqKha9+krW9bWN1GisjuAFAdYe5txllK1ZzmJslC2i99x6ZNZX6XlQ==]}
{"logTime": "0624/142957", "correlationVector":"VAFehXerdZzNb5dXlTjWqK.2","action":"EncryptionKeysManager::SetEncryptionKeysWithTimestamps:", "result":"Success", "context":Key timestamps[7]:[2022-09-23T19:51:50Z][2023-03-23T18:59:16Z][2023-09-20T17:27:43Z][2024-04-02T10:07:26Z][2024-11-19T13:06:27Z][2025-02-09T14:07:53Z][2025-02-12T18:09:41Z]}
{"logTime": "0624/142957", "correlationVector":"5VYLLEWQOJ79vdandkCl8a","action":"Initial GetUpdates", "result":"", "context":Reason: NEW_CLIENT. cV=5VYLLEWQOJ79vdandkCl8a}
{"logTime": "0624/142957", "correlationVector":"5VYLLEWQOJ79vdandkCl8a.3","action":"GetUpdates Response", "result":"Success", "context":Received 1 update(s). cV=5VYLLEWQOJ79vdandkCl8a.0;server=akswtt01200002l;cloudType=Consumer;environment=Prod_westeurope_prod-s01-080-eur-westeurope;migrationStage=NotStarted}
{"logTime": "0624/142957", "correlationVector":"vn6KyGjaDTy5WtFQhYvKjF","action":"Initial GetUpdates", "result":"", "context":Reason: NEWLY_SUPPORTED_DATATYPE. cV=vn6KyGjaDTy5WtFQhYvKjF}
{"logTime": "0624/142957", "correlationVector":"vn6KyGjaDTy5WtFQhYvKjF.1","action":"SyncServerConnectionManagerRequest", "result":"SYNC_SERVER_OK", "context":{"environment":"Prod_westeurope_prod-s01-080-eur-westeurope", "migrationStage":"NotStarted", "server":"akswtt012000007"}}
{"logTime": "0624/142957", "correlationVector":"vn6KyGjaDTy5WtFQhYvKjF.2","action":"ProcessGetUpdates", "result":"Done", "context":{"dataType":"Passwords", "deleted":"11", "process_failed_to_decrypt":"0", "process_pending_decryption":"0", "process_success":"162", "total":"162"}}
{"logTime": "0624/142957", "correlationVector":"vn6KyGjaDTy5WtFQhYvKjF.3","action":"GetUpdates Response", "result":"Success", "context":Received 162 update(s). cV=vn6KyGjaDTy5WtFQhYvKjF.0;server=akswtt012000007;cloudType=Consumer;environment=Prod_westeurope_prod-s01-080-eur-westeurope;migrationStage=NotStarted}
{"logTime": "0624/142957", "correlationVector":"EOexxEgpzLQNQrKp2F7Shw","action":"Normal GetUpdate request", "result":"", "context":cV=EOexxEgpzLQNQrKp2F7Shw
Nudged types: Sessions, History
Refresh requested types: Bookmarks, Preferences, Passwords, Autofill Profiles, Autofill, Extensions, Sessions, Extension settings, History Delete Directives, Device Info, User Consents, Send Tab To Self, Web Apps, History, Saved Tab Group, WebAuthn Credentials, Collection, Edge E Drop, Edge Hub App Usage, Edge Wallet, Encryption Keys}
{"logTime": "0624/142957", "correlationVector":"EOexxEgpzLQNQrKp2F7Shw.1","action":"SyncServerConnectionManagerRequest", "result":"SYNC_SERVER_OK", "context":{"environment":"Prod_westeurope_prod-s01-079-eur-westeurope", "migrationStage":"NotStarted", "server":"akswtt01000000i"}}
{"logTime": "0624/142957", "correlationVector":"EOexxEgpzLQNQrKp2F7Shw.2","action":"ProcessGetUpdates", "result":"Done", "context":{"dataType":"Preferences", "deleted":"0", "process_failed_to_decrypt":"0", "process_pending_decryption":"0", "process_success":"2", "total":"2"}}
{"logTime": "0624/142957", "correlationVector":"EOexxEgpzLQNQrKp2F7Shw.3","action":"ProcessGetUpdates", "result":"Done", "context":{"dataType":"Sessions", "deleted":"7", "process_failed_to_decrypt":"0", "process_pending_decryption":"0", "process_success":"12", "total":"12"}}
{"logTime": "0624/142957", "correlationVector":"EOexxEgpzLQNQrKp2F7Shw.4","action":"ProcessGetUpdates", "result":"Done", "context":{"dataType":"Device Info", "deleted":"0", "process_failed_to_decrypt":"0", "process_pending_decryption":"0", "process_success":"1", "total":"1"}}
{"logTime": "0624/142957", "correlationVector":"EOexxEgpzLQNQrKp2F7Shw.5","action":"ProcessGetUpdates", "result":"Done", "context":{"dataType":"History", "deleted":"0", "process_failed_to_decrypt":"0", "process_pending_decryption":"0", "process_success":"22", "total":"22"}}
{"logTime": "0624/142957", "correlationVector":"EOexxEgpzLQNQrKp2F7Shw.6","action":"GetUpdates Response", "result":"Success", "context":Received 37 update(s). cV=EOexxEgpzLQNQrKp2F7Shw.0;server=akswtt01000000i;cloudType=Consumer;environment=Prod_westeurope_prod-s01-079-eur-westeurope;migrationStage=NotStarted}
{"logTime": "0624/142957", "correlationVector":"0LjXSPl/7SopeCFZ3WNsI/","action":"Commit Request", "result":"", "context":Item count: 4
Contributing types: Sessions, History}
{"logTime": "0624/142958", "correlationVector":"0LjXSPl/7SopeCFZ3WNsI/.1","action":"SyncServerConnectionManagerRequest", "result":"SYNC_SERVER_OK", "context":{"environment":"Prod_westeurope_prod-s01-079-eur-westeurope", "migrationStage":"NotStarted", "server":"akswtt01000003r"}}
{"logTime": "0624/142958", "correlationVector":"0LjXSPl/7SopeCFZ3WNsI/.2","action":"Commit Response", "result":"Success", "context":Result: Success. cV=0LjXSPl/7SopeCFZ3WNsI/.0;server=akswtt01000003r;cloudType=Consumer;environment=Prod_westeurope_prod-s01-079-eur-westeurope;migrationStage=NotStarted}
{"logTime": "0624/142958", "correlationVector":"0LjXSPl/7SopeCFZ3WNsI/.3","action":"Commit.Sessions", "result":"Success", "context":{"id":"a7ae8ab2-50ce-4a01-acfd-ed8dcc701c40", "isDeleted":"true", "size":"0", "version":"1750772445116"}}
{"logTime": "0624/143057", "correlationVector":"xX52Cidjv3xRk0KJr5h3o8","action":"Commit Request", "result":"", "context":Item count: 2
Contributing types: Sessions, History}
{"logTime": "0624/143057", "correlationVector":"xX52Cidjv3xRk0KJr5h3o8.1","action":"SyncServerConnectionManagerRequest", "result":"SYNC_SERVER_OK", "context":{"environment":"Prod_westeurope_prod-s01-080-eur-westeurope", "migrationStage":"NotStarted", "server":"akswtt012000014"}}
{"logTime": "0624/143057", "correlationVector":"xX52Cidjv3xRk0KJr5h3o8.2","action":"Commit Response", "result":"Success", "context":Result: Success. cV=xX52Cidjv3xRk0KJr5h3o8.0;server=akswtt012000014;cloudType=Consumer;environment=Prod_westeurope_prod-s01-080-eur-westeurope;migrationStage=NotStarted}
{"logTime": "0624/143701", "correlationVector":"l6wK3KshUr354OPS3U2ddp","action":"Normal GetUpdate request", "result":"", "context":cV=l6wK3KshUr354OPS3U2ddp
Notified types: Autofill}
{"logTime": "0624/143701", "correlationVector":"l6wK3KshUr354OPS3U2ddp.1","action":"SyncServerConnectionManagerRequest", "result":"SYNC_SERVER_OK", "context":{"environment":"Prod_westeurope_prod-s01-080-eur-westeurope", "migrationStage":"NotStarted", "server":"akswtt01200000b"}}
{"logTime": "0624/143701", "correlationVector":"l6wK3KshUr354OPS3U2ddp.2","action":"ProcessGetUpdates", "result":"Done", "context":{"dataType":"Autofill", "deleted":"0", "process_failed_to_decrypt":"0", "process_pending_decryption":"0", "process_success":"5", "total":"5"}}
{"logTime": "0624/143701", "correlationVector":"l6wK3KshUr354OPS3U2ddp.3","action":"ProcessGetUpdates", "result":"Done", "context":{"dataType":"Sessions", "deleted":"1", "process_failed_to_decrypt":"0", "process_pending_decryption":"0", "process_success":"5", "total":"5"}}
{"logTime": "0624/143701", "correlationVector":"l6wK3KshUr354OPS3U2ddp.4","action":"ProcessGetUpdates", "result":"Done", "context":{"dataType":"History", "deleted":"0", "process_failed_to_decrypt":"0", "process_pending_decryption":"0", "process_success":"2", "total":"2"}}
{"logTime": "0624/143701", "correlationVector":"l6wK3KshUr354OPS3U2ddp.5","action":"GetUpdates Response", "result":"Success", "context":Received 12 update(s). cV=l6wK3KshUr354OPS3U2ddp.0;server=akswtt01200000b;cloudType=Consumer;environment=Prod_westeurope_prod-s01-080-eur-westeurope;migrationStage=NotStarted}
{"logTime": "0624/144037", "correlationVector":"WJ9d1HNHGBnpsaJyhHUeIn","action":"Commit Request", "result":"", "context":Item count: 1
Contributing types: Sessions}
{"logTime": "0624/144037", "correlationVector":"WJ9d1HNHGBnpsaJyhHUeIn.1","action":"SyncServerConnectionManagerRequest", "result":"SYNC_SERVER_OK", "context":{"environment":"Prod_westeurope_prod-s01-079-eur-westeurope", "migrationStage":"NotStarted", "server":"akswtt010000011"}}
{"logTime": "0624/144037", "correlationVector":"WJ9d1HNHGBnpsaJyhHUeIn.2","action":"Commit Response", "result":"Success", "context":Result: Success. cV=WJ9d1HNHGBnpsaJyhHUeIn.0;server=akswtt010000011;cloudType=Consumer;environment=Prod_westeurope_prod-s01-079-eur-westeurope;migrationStage=NotStarted}
