2025-05-20 16:58:30.061: [INFO][Sync] Reset engine, reason: 8
2025-05-20 16:58:30.061: [INFO][Sync] Stopped: Bookmarks
2025-05-20 16:58:30.061: [INFO][Sync] Stopped: Preferences
2025-05-20 16:58:30.061: [INFO][Sync] Stopped: Passwords
2025-05-20 16:58:30.061: [INFO][Sync] Stopped: Autofill Profiles
2025-05-20 16:58:30.061: [INFO][Sync] Stopped: Autofill
2025-05-20 16:58:30.061: [INFO][Sync] Stopped: Extensions
2025-05-20 16:58:30.061: [INFO][Sync] Stopped: Sessions
2025-05-20 16:58:30.061: [INFO][Sync] Stopped: Extension settings
2025-05-20 16:58:30.061: [INFO][Sync] Stopped: History Delete Directives
2025-05-20 16:58:30.061: [INFO][Sync] Stopped: Device Info
2025-05-20 16:58:30.061: [INFO][Sync] Stopped: User Consents
2025-05-20 16:58:30.061: [INFO][Sync] Stopped: Send Tab To Self
2025-05-20 16:58:30.061: [INFO][Sync] Stopped: Web Apps
2025-05-20 16:58:30.061: [INFO][Sync] Stopped: History
2025-05-20 16:58:30.061: [INFO][Sync] Stopped: Saved Tab Group
2025-05-20 16:58:30.061: [INFO][Sync] Stopped: Collection
2025-05-20 16:58:30.061: [INFO][Sync] Stopped: Edge E Drop
2025-05-20 16:58:30.061: [INFO][Sync] Stopped: Edge Hub App Usage
2025-05-20 16:58:30.061: [INFO][Sync] Stopped: Edge Tab Group
2025-05-20 16:58:30.061: [INFO][Sync] Stopped: Edge Wallet
2025-05-20 16:58:30.061: [INFO][Sync] SyncState after authenticated was: NotSignedIn
2025-05-20 16:58:30.190: [INFO][Sync] Reset engine, reason: 8
2025-05-20 16:58:30.190: [INFO][Sync] Stopped: Bookmarks
2025-05-20 16:58:30.190: [INFO][Sync] Stopped: Preferences
2025-05-20 16:58:30.190: [INFO][Sync] Stopped: Passwords
2025-05-20 16:58:30.190: [INFO][Sync] Stopped: Autofill Profiles
2025-05-20 16:58:30.190: [INFO][Sync] Stopped: Autofill
2025-05-20 16:58:30.190: [INFO][Sync] Stopped: Extensions
2025-05-20 16:58:30.190: [INFO][Sync] Stopped: Sessions
2025-05-20 16:58:30.190: [INFO][Sync] Stopped: Extension settings
2025-05-20 16:58:30.190: [INFO][Sync] Stopped: History Delete Directives
2025-05-20 16:58:30.190: [INFO][Sync] Stopped: Device Info
2025-05-20 16:58:30.190: [INFO][Sync] Stopped: User Consents
2025-05-20 16:58:30.190: [INFO][Sync] Stopped: Send Tab To Self
2025-05-20 16:58:30.190: [INFO][Sync] Stopped: Web Apps
2025-05-20 16:58:30.190: [INFO][Sync] Stopped: History
2025-05-20 16:58:30.190: [INFO][Sync] Stopped: Saved Tab Group
2025-05-20 16:58:30.190: [INFO][Sync] Stopped: Collection
2025-05-20 16:58:30.190: [INFO][Sync] Stopped: Edge E Drop
2025-05-20 16:58:30.190: [INFO][Sync] Stopped: Edge Hub App Usage
2025-05-20 16:58:30.190: [INFO][Sync] Stopped: Edge Tab Group
2025-05-20 16:58:30.190: [INFO][Sync] Stopped: Edge Wallet
2025-05-20 16:58:30.487: [INFO][Sync] Try to start sync engine
2025-05-20 16:58:30.488: [INFO][SyncManagerImpl::NudgeForInitialDownload] Initial download nudge for Encryption Keys
2025-05-20 16:58:30.488: [INFO][SyncEngineBackend::LoadAndConnectNigoriController] Load and connect Nigori controller
2025-05-20 16:58:30.488: [INFO][SyncEngineBackend::DoInitialize] Control Types added: Encryption Keys
2025-05-20 16:58:30.488: [INFO][SyncManagerImpl::ConfigureSyncer] Types to download: Encryption Keys with reason: 3
2025-05-20 16:58:30.488: [INFO][SyncSchedulerImpl::DoConfigurationSyncCycleJob] Configure job was blocked
2025-05-20 16:58:30.656: [INFO][SyncAuthManager::SetLastAuthError] Current auth error: None
2025-05-20 16:58:30.656: [INFO][SyncAuthManager::EdgeLogTokenErrorState] Token error with: None for account type: MSA
2025-05-20 16:58:30.656: [INFO][Sync] Credentials changed for: EdgeSyncScopeNew
2025-05-20 16:58:31.499: [INFO][SyncAuthManager::SetLastAuthError] Current auth error: None
2025-05-20 16:58:31.499: [INFO][SyncAuthManager::EdgeLogTokenErrorState] Token error with: None for account type: MSA
2025-05-20 16:58:31.499: [INFO][Sync] Credentials changed for: EdgeSyncKeyDataScope
2025-05-20 16:58:31.500: [INFO][SyncEngineBackend::DoUpdateKeyDataCredentials] Update key data credentials
2025-05-20 16:58:31.500: [INFO][SyncEngineBackend::DoUpdateCredentials] Update credentials
2025-05-20 16:58:31.500: [INFO][SyncSchedulerImpl::DoConfigurationSyncCycleJob] Blocked types:  and types to download: Encryption Keys
2025-05-20 16:58:31.708: [INFO][Sync] Started DataTypeManager configuration, reason: 4
2025-05-20 16:58:31.708: [INFO][Sync] Configuring for: Bookmarks, Preferences, Passwords, Autofill Profiles, Autofill, Extensions, Sessions, Extension settings, History Delete Directives, Device Info, User Consents, Send Tab To Self, Web Apps, History, Saved Tab Group, Collection, Edge E Drop, Edge Hub App Usage, Edge Tab Group, Edge Wallet, Encryption Keys, reason: 3, current state: 0
2025-05-20 16:58:31.708: [WARN][Sync] Crypto error data types: Passwords, Autofill Profiles, Autofill
2025-05-20 16:58:31.710: [INFO][Sync] Configure, desired: Bookmarks, Preferences, Extensions, Sessions, Extension settings, History Delete Directives, Device Info, User Consents, Send Tab To Self, Web Apps, History, Saved Tab Group, Collection, Edge E Drop, Edge Hub App Usage, Edge Tab Group, Edge Wallet, Encryption Keys; Allow fail: Passwords, Autofill Profiles, Autofill
2025-05-20 16:58:31.710: [INFO][Sync] Loading: Bookmarks
2025-05-20 16:58:31.710: [INFO][Sync] Loading: Preferences
2025-05-20 16:58:31.710: [INFO][Sync] Loading: Extensions
2025-05-20 16:58:31.710: [INFO][Sync] Loading: Sessions
2025-05-20 16:58:31.710: [INFO][Sync] Loading: Extension settings
2025-05-20 16:58:31.710: [INFO][Sync] Loading: History Delete Directives
2025-05-20 16:58:31.710: [INFO][Sync] Loading: Device Info
2025-05-20 16:58:31.711: [INFO][Sync] Loading: User Consents
2025-05-20 16:58:31.711: [INFO][Sync] Loading: Send Tab To Self
2025-05-20 16:58:31.711: [INFO][Sync] Loading: Web Apps
2025-05-20 16:58:31.711: [INFO][Sync] Loading: History
2025-05-20 16:58:31.711: [INFO][Sync] Loading: Saved Tab Group
2025-05-20 16:58:31.711: [INFO][Sync] Loading: Collection
2025-05-20 16:58:31.711: [INFO][Sync] Loading: Edge E Drop
2025-05-20 16:58:31.711: [INFO][Sync] Loading: Edge Hub App Usage
2025-05-20 16:58:31.711: [INFO][Sync] Loading: Edge Tab Group
2025-05-20 16:58:31.711: [INFO][Sync] Loading: Edge Wallet
2025-05-20 16:58:31.714: [INFO][Sync] All data types are ready for configure.
2025-05-20 16:58:31.994: [INFO][Sync] Started DataTypeManager configuration, reason: 5
2025-05-20 16:58:31.994: [INFO][Sync] Configuring for: Bookmarks, Preferences, Passwords, Autofill Profiles, Autofill, Extensions, Sessions, Extension settings, History Delete Directives, Device Info, User Consents, Send Tab To Self, Web Apps, History, Saved Tab Group, Collection, Edge E Drop, Edge Hub App Usage, Edge Tab Group, Edge Wallet, Encryption Keys, reason: 5, current state: 1
2025-05-20 16:58:31.999: [INFO][SyncEngineBackend::DoStartConfiguration] Start configuration
2025-05-20 16:58:31.999: [INFO][SyncManagerImpl::NudgeForInitialDownload] Initial download nudge for Bookmarks
2025-05-20 16:58:31.999: [INFO][SyncManagerImpl::NudgeForInitialDownload] Initial download nudge for Preferences
2025-05-20 16:58:31.999: [INFO][SyncManagerImpl::NudgeForInitialDownload] Initial download nudge for Extensions
2025-05-20 16:58:31.999: [INFO][SyncManagerImpl::NudgeForInitialDownload] Initial download nudge for Sessions
2025-05-20 16:58:31.999: [INFO][SyncManagerImpl::NudgeForInitialDownload] Initial download nudge for Extension settings
2025-05-20 16:58:31.999: [INFO][SyncManagerImpl::NudgeForInitialDownload] Initial download nudge for History Delete Directives
2025-05-20 16:58:31.999: [INFO][SyncManagerImpl::NudgeForInitialDownload] Initial download nudge for Device Info
2025-05-20 16:58:31.999: [INFO][SyncManagerImpl::NudgeForInitialDownload] Initial download nudge for Send Tab To Self
2025-05-20 16:58:31.999: [INFO][SyncManagerImpl::NudgeForInitialDownload] Initial download nudge for Web Apps
2025-05-20 16:58:31.999: [INFO][SyncManagerImpl::NudgeForInitialDownload] Initial download nudge for History
2025-05-20 16:58:31.999: [INFO][SyncManagerImpl::NudgeForInitialDownload] Initial download nudge for Saved Tab Group
2025-05-20 16:58:31.999: [INFO][SyncManagerImpl::NudgeForInitialDownload] Initial download nudge for Collection
2025-05-20 16:58:31.999: [INFO][SyncManagerImpl::NudgeForInitialDownload] Initial download nudge for Edge E Drop
2025-05-20 16:58:31.999: [INFO][SyncManagerImpl::NudgeForInitialDownload] Initial download nudge for Edge Hub App Usage
2025-05-20 16:58:31.999: [INFO][SyncManagerImpl::NudgeForInitialDownload] Initial download nudge for Edge Tab Group
2025-05-20 16:58:31.999: [INFO][SyncManagerImpl::NudgeForInitialDownload] Initial download nudge for Edge Wallet
2025-05-20 16:58:31.999: [INFO][SyncManagerImpl::ConfigureSyncer] Types to download:  with reason: 3
2025-05-20 16:58:31.999: [INFO][SyncEngineBackend::DoFinishConfigureDataTypes] Failed to download types:  and succeeded types: 
2025-05-20 16:58:31.999: [INFO][Sync] ConfigurationDone, failed: , succeeded: , remaining count: 4
2025-05-20 16:58:31.999: [WARN][Sync]     Reconfigure requested while configuration ongoing.
2025-05-20 16:58:31.999: [INFO][Sync] Configuring for: Bookmarks, Preferences, Passwords, Autofill Profiles, Autofill, Extensions, Sessions, Extension settings, History Delete Directives, Device Info, User Consents, Send Tab To Self, Web Apps, History, Saved Tab Group, Collection, Edge E Drop, Edge Hub App Usage, Edge Tab Group, Edge Wallet, Encryption Keys, reason: 5, current state: 2
2025-05-20 16:58:31.999: [INFO][Sync] Configure, desired: Bookmarks, Preferences, Passwords, Autofill Profiles, Autofill, Extensions, Sessions, Extension settings, History Delete Directives, Device Info, User Consents, Send Tab To Self, Web Apps, History, Saved Tab Group, Collection, Edge E Drop, Edge Hub App Usage, Edge Tab Group, Edge Wallet, Encryption Keys; Allow fail: 
2025-05-20 16:58:31.999: [INFO][Sync] Loading: Passwords
2025-05-20 16:58:32.000: [INFO][Sync] Loading: Autofill Profiles
2025-05-20 16:58:32.000: [INFO][Sync] Loading: Autofill
2025-05-20 16:58:32.000: [INFO][Sync] All data types are ready for configure.
2025-05-20 16:58:32.000: [INFO][SyncManagerImpl::NudgeForInitialDownload] Initial download nudge for Passwords
2025-05-20 16:58:32.000: [INFO][SyncManagerImpl::NudgeForInitialDownload] Initial download nudge for Autofill Profiles
2025-05-20 16:58:32.000: [INFO][SyncManagerImpl::NudgeForInitialDownload] Initial download nudge for Autofill
2025-05-20 16:58:32.000: [INFO][SyncManagerImpl::ConfigureSyncer] Types to download:  with reason: 5
2025-05-20 16:58:32.000: [INFO][SyncEngineBackend::DoFinishConfigureDataTypes] Failed to download types:  and succeeded types: 
2025-05-20 16:58:32.000: [INFO][Sync] ConfigurationDone, failed: , succeeded: , remaining count: 4
2025-05-20 16:58:32.000: [INFO][Sync] Prepare to configure types: Preferences, Passwords, Device Info, Send Tab To Self, Edge E Drop, Encryption Keys
2025-05-20 16:58:32.000: [INFO][SyncManagerImpl::ConfigureSyncer] Types to download: Preferences, Passwords, Device Info, Send Tab To Self, Edge E Drop, Encryption Keys with reason: 5
2025-05-20 16:58:32.000: [INFO][SyncSchedulerImpl::DoConfigurationSyncCycleJob] Blocked types:  and types to download: Preferences, Passwords, Device Info, Send Tab To Self, Edge E Drop, Encryption Keys
2025-05-20 16:58:33.122: [INFO][SyncEngineBackend::DoFinishConfigureDataTypes] Failed to download types:  and succeeded types: Preferences, Passwords, Device Info, Send Tab To Self, Edge E Drop, Encryption Keys
2025-05-20 16:58:33.128: [INFO][Sync] ConfigurationDone, failed: , succeeded: Preferences, Passwords, Device Info, Send Tab To Self, Edge E Drop, Encryption Keys, remaining count: 3
2025-05-20 16:58:33.128: [INFO][Sync] Prepare to configure types: Bookmarks, Encryption Keys
2025-05-20 16:58:33.129: [INFO][SyncManagerImpl::ConfigureSyncer] Types to download: Bookmarks, Encryption Keys with reason: 5
2025-05-20 16:58:33.129: [INFO][SyncSchedulerImpl::DoConfigurationSyncCycleJob] Blocked types:  and types to download: Bookmarks, Encryption Keys
2025-05-20 16:58:33.502: [INFO][SyncEngineBackend::DoFinishConfigureDataTypes] Failed to download types:  and succeeded types: Bookmarks, Encryption Keys
2025-05-20 16:58:33.520: [INFO][Sync] ConfigurationDone, failed: , succeeded: Bookmarks, Encryption Keys, remaining count: 2
2025-05-20 16:58:33.520: [INFO][Sync] Prepare to configure types: Autofill Profiles, Autofill, Extensions, Sessions, Extension settings, History Delete Directives, Web Apps, Saved Tab Group, Collection, Edge Hub App Usage, Edge Tab Group, Edge Wallet, Encryption Keys
2025-05-20 16:58:33.520: [INFO][SyncManagerImpl::ConfigureSyncer] Types to download: Autofill Profiles, Autofill, Extensions, Sessions, Extension settings, History Delete Directives, Web Apps, Saved Tab Group, Collection, Edge Hub App Usage, Edge Tab Group, Edge Wallet, Encryption Keys with reason: 5
2025-05-20 16:58:33.520: [INFO][SyncSchedulerImpl::DoConfigurationSyncCycleJob] Blocked types:  and types to download: Autofill Profiles, Autofill, Extensions, Sessions, Extension settings, History Delete Directives, Web Apps, Saved Tab Group, Collection, Edge Hub App Usage, Edge Tab Group, Edge Wallet, Encryption Keys
2025-05-20 16:58:40.193: [INFO][SyncEngineBackend::DoFinishConfigureDataTypes] Failed to download types:  and succeeded types: Autofill Profiles, Autofill, Extensions, Sessions, Extension settings, History Delete Directives, Web Apps, Saved Tab Group, Collection, Edge Hub App Usage, Edge Tab Group, Edge Wallet, Encryption Keys
2025-05-20 16:58:40.198: [INFO][Sync] ConfigurationDone, failed: , succeeded: Autofill Profiles, Autofill, Extensions, Sessions, Extension settings, History Delete Directives, Web Apps, Saved Tab Group, Collection, Edge Hub App Usage, Edge Tab Group, Edge Wallet, Encryption Keys, remaining count: 1
2025-05-20 16:58:40.200: [INFO][Sync] Prepare to configure types: History, Encryption Keys
2025-05-20 16:58:40.200: [INFO][SyncManagerImpl::ConfigureSyncer] Types to download: History, Encryption Keys with reason: 5
2025-05-20 16:58:40.200: [INFO][SyncSchedulerImpl::DoConfigurationSyncCycleJob] Blocked types:  and types to download: History, Encryption Keys
2025-05-20 16:58:46.431: [INFO][SyncEngineBackend::DoFinishConfigureDataTypes] Failed to download types:  and succeeded types: History, Encryption Keys
2025-05-20 16:58:46.441: [INFO][Sync] ConfigurationDone, failed: , succeeded: History, Encryption Keys, remaining count: 0
2025-05-20 16:58:46.452: [INFO][Sync]     Configuration completed, state: 7
2025-05-20 16:58:46.452: [INFO][Sync] Configured DataTypeManager: Ok
2025-05-20 16:58:46.468: [INFO][SyncEngineBackend::DoStartSyncing] Start syncing
2025-05-20 17:13:20.646: [INFO][Sync] Reset engine, reason: 0
2025-05-20 17:13:20.646: [INFO][Sync] Reset engine with reason: 0
2025-05-20 17:24:01.784: [INFO][Sync] SyncState after authenticated was: FeatureCanStart
2025-05-20 17:24:02.160: [INFO][Sync] Try to start sync engine
2025-05-20 17:24:02.161: [INFO][SyncManagerImpl::NudgeForInitialDownload] Initial download nudge for Encryption Keys
2025-05-20 17:24:02.161: [INFO][SyncEngineBackend::LoadAndConnectNigoriController] Load and connect Nigori controller
2025-05-20 17:24:02.161: [INFO][SyncEngineBackend::DoInitialize] Control Types added: Encryption Keys
2025-05-20 17:24:02.161: [INFO][SyncManagerImpl::ConfigureSyncer] Types to download: Encryption Keys with reason: 3
2025-05-20 17:24:02.161: [INFO][SyncSchedulerImpl::DoConfigurationSyncCycleJob] Configure job was blocked
2025-05-20 17:24:02.203: [INFO][SyncAuthManager::SetLastAuthError] Current auth error: None
2025-05-20 17:24:02.203: [INFO][SyncAuthManager::EdgeLogTokenErrorState] Token error with: None for account type: MSA
2025-05-20 17:24:02.203: [INFO][Sync] Credentials changed for: EdgeSyncScopeNew
2025-05-20 17:24:02.803: [INFO][SyncAuthManager::SetLastAuthError] Current auth error: None
2025-05-20 17:24:02.803: [INFO][SyncAuthManager::EdgeLogTokenErrorState] Token error with: None for account type: MSA
2025-05-20 17:24:02.803: [INFO][Sync] Credentials changed for: EdgeSyncKeyDataScope
2025-05-20 17:24:02.803: [INFO][SyncEngineBackend::DoUpdateKeyDataCredentials] Update key data credentials
2025-05-20 17:24:02.803: [INFO][SyncEngineBackend::DoUpdateCredentials] Update credentials
2025-05-20 17:24:02.804: [INFO][SyncSchedulerImpl::DoConfigurationSyncCycleJob] Blocked types:  and types to download: Encryption Keys
2025-05-20 17:24:02.940: [INFO][Sync] Started DataTypeManager configuration, reason: 4
2025-05-20 17:24:02.940: [INFO][Sync] Configuring for: Bookmarks, Preferences, Passwords, Autofill Profiles, Autofill, Extensions, Sessions, Extension settings, History Delete Directives, Device Info, User Consents, Send Tab To Self, Web Apps, History, Saved Tab Group, Collection, Edge E Drop, Edge Hub App Usage, Edge Tab Group, Edge Wallet, Encryption Keys, reason: 4, current state: 0
2025-05-20 17:24:02.941: [WARN][Sync] Crypto error data types: Passwords, Autofill Profiles, Autofill
2025-05-20 17:24:02.950: [INFO][Sync] Configure, desired: Bookmarks, Preferences, Extensions, Sessions, Extension settings, History Delete Directives, Device Info, User Consents, Send Tab To Self, Web Apps, History, Saved Tab Group, Collection, Edge E Drop, Edge Hub App Usage, Edge Tab Group, Edge Wallet, Encryption Keys; Allow fail: Passwords, Autofill Profiles, Autofill
2025-05-20 17:24:02.950: [INFO][Sync] Loading: Bookmarks
2025-05-20 17:24:02.950: [INFO][Sync] Loading: Preferences
2025-05-20 17:24:02.950: [INFO][Sync] Loading: Extensions
2025-05-20 17:24:02.950: [INFO][Sync] Loading: Sessions
2025-05-20 17:24:02.950: [INFO][Sync] Loading: Extension settings
2025-05-20 17:24:02.950: [INFO][Sync] Loading: History Delete Directives
2025-05-20 17:24:02.951: [INFO][Sync] Loading: Device Info
2025-05-20 17:24:02.951: [INFO][Sync] Loading: User Consents
2025-05-20 17:24:02.951: [INFO][Sync] Loading: Send Tab To Self
2025-05-20 17:24:02.951: [INFO][Sync] Loading: Web Apps
2025-05-20 17:24:02.951: [INFO][Sync] Loading: History
2025-05-20 17:24:02.951: [INFO][Sync] Loading: Saved Tab Group
2025-05-20 17:24:02.951: [INFO][Sync] Loading: Collection
2025-05-20 17:24:02.951: [INFO][Sync] Loading: Edge E Drop
2025-05-20 17:24:02.951: [INFO][Sync] Loading: Edge Hub App Usage
2025-05-20 17:24:02.951: [INFO][Sync] Loading: Edge Tab Group
2025-05-20 17:24:02.951: [INFO][Sync] Loading: Edge Wallet
2025-05-20 17:24:02.972: [INFO][Sync] All data types are ready for configure.
2025-05-20 17:24:03.196: [INFO][Sync] Started DataTypeManager configuration, reason: 5
2025-05-20 17:24:03.196: [INFO][Sync] Configuring for: Bookmarks, Preferences, Passwords, Autofill Profiles, Autofill, Extensions, Sessions, Extension settings, History Delete Directives, Device Info, User Consents, Send Tab To Self, Web Apps, History, Saved Tab Group, Collection, Edge E Drop, Edge Hub App Usage, Edge Tab Group, Edge Wallet, Encryption Keys, reason: 5, current state: 1
2025-05-20 17:24:03.202: [INFO][SyncEngineBackend::DoStartConfiguration] Start configuration
2025-05-20 17:24:03.203: [INFO][SyncManagerImpl::ConfigureSyncer] Types to download:  with reason: 4
2025-05-20 17:24:03.203: [INFO][SyncEngineBackend::DoFinishConfigureDataTypes] Failed to download types:  and succeeded types: 
2025-05-20 17:24:03.206: [INFO][Sync] ConfigurationDone, failed: , succeeded: , remaining count: 4
2025-05-20 17:24:03.206: [WARN][Sync]     Reconfigure requested while configuration ongoing.
2025-05-20 17:24:03.206: [INFO][Sync] Configuring for: Bookmarks, Preferences, Passwords, Autofill Profiles, Autofill, Extensions, Sessions, Extension settings, History Delete Directives, Device Info, User Consents, Send Tab To Self, Web Apps, History, Saved Tab Group, Collection, Edge E Drop, Edge Hub App Usage, Edge Tab Group, Edge Wallet, Encryption Keys, reason: 5, current state: 2
2025-05-20 17:24:03.206: [INFO][Sync] Configure, desired: Bookmarks, Preferences, Passwords, Autofill Profiles, Autofill, Extensions, Sessions, Extension settings, History Delete Directives, Device Info, User Consents, Send Tab To Self, Web Apps, History, Saved Tab Group, Collection, Edge E Drop, Edge Hub App Usage, Edge Tab Group, Edge Wallet, Encryption Keys; Allow fail: 
2025-05-20 17:24:03.206: [INFO][Sync] Loading: Passwords
2025-05-20 17:24:03.206: [INFO][Sync] Loading: Autofill Profiles
2025-05-20 17:24:03.206: [INFO][Sync] Loading: Autofill
2025-05-20 17:24:03.208: [INFO][Sync] All data types are ready for configure.
2025-05-20 17:24:03.208: [INFO][SyncManagerImpl::NudgeForInitialDownload] Initial download nudge for Passwords
2025-05-20 17:24:03.208: [INFO][SyncManagerImpl::ConfigureSyncer] Types to download:  with reason: 5
2025-05-20 17:24:03.208: [INFO][SyncEngineBackend::DoFinishConfigureDataTypes] Failed to download types:  and succeeded types: 
2025-05-20 17:24:03.208: [INFO][Sync] ConfigurationDone, failed: , succeeded: , remaining count: 4
2025-05-20 17:24:03.208: [INFO][Sync] Prepare to configure types: Passwords, Encryption Keys
2025-05-20 17:24:03.208: [INFO][SyncManagerImpl::ConfigureSyncer] Types to download: Passwords, Encryption Keys with reason: 5
2025-05-20 17:24:03.208: [INFO][SyncSchedulerImpl::DoConfigurationSyncCycleJob] Blocked types:  and types to download: Passwords, Encryption Keys
2025-05-20 17:24:03.455: [INFO][SyncEngineBackend::DoFinishConfigureDataTypes] Failed to download types:  and succeeded types: Passwords, Encryption Keys
2025-05-20 17:24:03.463: [INFO][Sync] ConfigurationDone, failed: , succeeded: Passwords, Encryption Keys, remaining count: 3
2025-05-20 17:24:03.464: [INFO][SyncManagerImpl::ConfigureSyncer] Types to download:  with reason: 5
2025-05-20 17:24:03.464: [INFO][SyncEngineBackend::DoFinishConfigureDataTypes] Failed to download types:  and succeeded types: 
2025-05-20 17:24:03.464: [INFO][Sync] ConfigurationDone, failed: , succeeded: , remaining count: 2
2025-05-20 17:24:03.464: [INFO][SyncManagerImpl::ConfigureSyncer] Types to download:  with reason: 5
2025-05-20 17:24:03.464: [INFO][SyncEngineBackend::DoFinishConfigureDataTypes] Failed to download types:  and succeeded types: 
2025-05-20 17:24:03.468: [INFO][Sync] ConfigurationDone, failed: , succeeded: , remaining count: 1
2025-05-20 17:24:03.478: [INFO][SyncManagerImpl::ConfigureSyncer] Types to download:  with reason: 5
2025-05-20 17:24:03.478: [INFO][SyncEngineBackend::DoFinishConfigureDataTypes] Failed to download types:  and succeeded types: 
2025-05-20 17:24:03.478: [INFO][Sync] ConfigurationDone, failed: , succeeded: , remaining count: 0
2025-05-20 17:24:03.487: [INFO][Sync]     Configuration completed, state: 7
2025-05-20 17:24:03.488: [INFO][Sync] Configured DataTypeManager: Ok
2025-05-20 17:24:03.498: [INFO][SyncEngineBackend::DoStartSyncing] Start syncing
2025-05-20 17:36:37.944: [INFO][Sync] Reset engine, reason: 0
2025-05-20 17:36:37.944: [INFO][Sync] Reset engine with reason: 0
2025-05-20 18:29:17.092: [INFO][Sync] SyncState after authenticated was: FeatureCanStart
2025-05-20 18:29:17.856: [INFO][Sync] Try to start sync engine
2025-05-20 18:29:17.857: [INFO][SyncManagerImpl::NudgeForInitialDownload] Initial download nudge for Encryption Keys
2025-05-20 18:29:17.857: [INFO][SyncEngineBackend::LoadAndConnectNigoriController] Load and connect Nigori controller
2025-05-20 18:29:17.857: [INFO][SyncEngineBackend::DoInitialize] Control Types added: Encryption Keys
2025-05-20 18:29:17.857: [INFO][SyncManagerImpl::ConfigureSyncer] Types to download: Encryption Keys with reason: 3
2025-05-20 18:29:17.857: [INFO][SyncSchedulerImpl::DoConfigurationSyncCycleJob] Configure job was blocked
2025-05-20 18:29:17.920: [INFO][SyncAuthManager::SetLastAuthError] Current auth error: None
2025-05-20 18:29:17.920: [INFO][SyncAuthManager::EdgeLogTokenErrorState] Token error with: None for account type: MSA
2025-05-20 18:29:17.920: [INFO][Sync] Credentials changed for: EdgeSyncScopeNew
2025-05-20 18:29:18.569: [INFO][SyncAuthManager::SetLastAuthError] Current auth error: None
2025-05-20 18:29:18.569: [INFO][SyncAuthManager::EdgeLogTokenErrorState] Token error with: None for account type: MSA
2025-05-20 18:29:18.569: [INFO][Sync] Credentials changed for: EdgeSyncKeyDataScope
2025-05-20 18:29:18.569: [INFO][SyncEngineBackend::DoUpdateKeyDataCredentials] Update key data credentials
2025-05-20 18:29:18.569: [INFO][SyncEngineBackend::DoUpdateCredentials] Update credentials
2025-05-20 18:29:18.569: [INFO][SyncSchedulerImpl::DoConfigurationSyncCycleJob] Blocked types:  and types to download: Encryption Keys
2025-05-20 18:29:18.975: [INFO][Sync] Started DataTypeManager configuration, reason: 4
2025-05-20 18:29:18.975: [INFO][Sync] Configuring for: Bookmarks, Preferences, Passwords, Autofill Profiles, Autofill, Extensions, Sessions, Extension settings, History Delete Directives, Device Info, User Consents, Send Tab To Self, Web Apps, History, Saved Tab Group, Collection, Edge E Drop, Edge Hub App Usage, Edge Tab Group, Edge Wallet, Encryption Keys, reason: 4, current state: 0
2025-05-20 18:29:18.975: [WARN][Sync] Crypto error data types: Passwords, Autofill Profiles, Autofill
2025-05-20 18:29:19.009: [INFO][Sync] Configure, desired: Bookmarks, Preferences, Extensions, Sessions, Extension settings, History Delete Directives, Device Info, User Consents, Send Tab To Self, Web Apps, History, Saved Tab Group, Collection, Edge E Drop, Edge Hub App Usage, Edge Tab Group, Edge Wallet, Encryption Keys; Allow fail: Passwords, Autofill Profiles, Autofill
2025-05-20 18:29:19.009: [INFO][Sync] Loading: Bookmarks
2025-05-20 18:29:19.009: [INFO][Sync] Loading: Preferences
2025-05-20 18:29:19.009: [INFO][Sync] Loading: Extensions
2025-05-20 18:29:19.009: [INFO][Sync] Loading: Sessions
2025-05-20 18:29:19.009: [INFO][Sync] Loading: Extension settings
2025-05-20 18:29:19.009: [INFO][Sync] Loading: History Delete Directives
2025-05-20 18:29:19.009: [INFO][Sync] Loading: Device Info
2025-05-20 18:29:19.009: [INFO][Sync] Loading: User Consents
2025-05-20 18:29:19.009: [INFO][Sync] Loading: Send Tab To Self
2025-05-20 18:29:19.009: [INFO][Sync] Loading: Web Apps
2025-05-20 18:29:19.009: [INFO][Sync] Loading: History
2025-05-20 18:29:19.009: [INFO][Sync] Loading: Saved Tab Group
2025-05-20 18:29:19.009: [INFO][Sync] Loading: Collection
2025-05-20 18:29:19.009: [INFO][Sync] Loading: Edge E Drop
2025-05-20 18:29:19.009: [INFO][Sync] Loading: Edge Hub App Usage
2025-05-20 18:29:19.009: [INFO][Sync] Loading: Edge Tab Group
2025-05-20 18:29:19.009: [INFO][Sync] Loading: Edge Wallet
2025-05-20 18:29:19.024: [INFO][Sync] All data types are ready for configure.
2025-05-20 18:29:19.368: [INFO][Sync] Started DataTypeManager configuration, reason: 5
2025-05-20 18:29:19.368: [INFO][Sync] Configuring for: Bookmarks, Preferences, Passwords, Autofill Profiles, Autofill, Extensions, Sessions, Extension settings, History Delete Directives, Device Info, User Consents, Send Tab To Self, Web Apps, History, Saved Tab Group, Collection, Edge E Drop, Edge Hub App Usage, Edge Tab Group, Edge Wallet, Encryption Keys, reason: 5, current state: 1
2025-05-20 18:29:19.371: [INFO][SyncEngineBackend::DoStartConfiguration] Start configuration
2025-05-20 18:29:19.375: [INFO][SyncManagerImpl::ConfigureSyncer] Types to download:  with reason: 4
2025-05-20 18:29:19.375: [INFO][SyncEngineBackend::DoFinishConfigureDataTypes] Failed to download types:  and succeeded types: 
2025-05-20 18:29:19.389: [INFO][Sync] ConfigurationDone, failed: , succeeded: , remaining count: 4
2025-05-20 18:29:19.389: [WARN][Sync]     Reconfigure requested while configuration ongoing.
2025-05-20 18:29:19.389: [INFO][Sync] Configuring for: Bookmarks, Preferences, Passwords, Autofill Profiles, Autofill, Extensions, Sessions, Extension settings, History Delete Directives, Device Info, User Consents, Send Tab To Self, Web Apps, History, Saved Tab Group, Collection, Edge E Drop, Edge Hub App Usage, Edge Tab Group, Edge Wallet, Encryption Keys, reason: 5, current state: 2
2025-05-20 18:29:19.389: [INFO][Sync] Configure, desired: Bookmarks, Preferences, Passwords, Autofill Profiles, Autofill, Extensions, Sessions, Extension settings, History Delete Directives, Device Info, User Consents, Send Tab To Self, Web Apps, History, Saved Tab Group, Collection, Edge E Drop, Edge Hub App Usage, Edge Tab Group, Edge Wallet, Encryption Keys; Allow fail: 
2025-05-20 18:29:19.389: [INFO][Sync] Loading: Passwords
2025-05-20 18:29:19.389: [INFO][Sync] Loading: Autofill Profiles
2025-05-20 18:29:19.389: [INFO][Sync] Loading: Autofill
2025-05-20 18:29:19.390: [INFO][Sync] All data types are ready for configure.
2025-05-20 18:29:19.390: [INFO][SyncManagerImpl::NudgeForInitialDownload] Initial download nudge for Passwords
2025-05-20 18:29:19.390: [INFO][SyncManagerImpl::ConfigureSyncer] Types to download:  with reason: 5
2025-05-20 18:29:19.390: [INFO][SyncEngineBackend::DoFinishConfigureDataTypes] Failed to download types:  and succeeded types: 
2025-05-20 18:29:19.394: [INFO][Sync] ConfigurationDone, failed: , succeeded: , remaining count: 4
2025-05-20 18:29:19.394: [INFO][Sync] Prepare to configure types: Passwords, Encryption Keys
2025-05-20 18:29:19.394: [INFO][SyncManagerImpl::ConfigureSyncer] Types to download: Passwords, Encryption Keys with reason: 5
2025-05-20 18:29:19.394: [INFO][SyncSchedulerImpl::DoConfigurationSyncCycleJob] Blocked types:  and types to download: Passwords, Encryption Keys
2025-05-20 18:29:19.786: [INFO][SyncEngineBackend::DoFinishConfigureDataTypes] Failed to download types:  and succeeded types: Passwords, Encryption Keys
2025-05-20 18:29:19.819: [INFO][Sync] ConfigurationDone, failed: , succeeded: Passwords, Encryption Keys, remaining count: 3
2025-05-20 18:29:19.819: [INFO][SyncManagerImpl::ConfigureSyncer] Types to download:  with reason: 5
2025-05-20 18:29:19.819: [INFO][SyncEngineBackend::DoFinishConfigureDataTypes] Failed to download types:  and succeeded types: 
2025-05-20 18:29:19.819: [INFO][Sync] ConfigurationDone, failed: , succeeded: , remaining count: 2
2025-05-20 18:29:19.820: [INFO][SyncManagerImpl::ConfigureSyncer] Types to download:  with reason: 5
2025-05-20 18:29:19.820: [INFO][SyncEngineBackend::DoFinishConfigureDataTypes] Failed to download types:  and succeeded types: 
2025-05-20 18:29:19.820: [INFO][Sync] ConfigurationDone, failed: , succeeded: , remaining count: 1
2025-05-20 18:29:19.830: [INFO][SyncManagerImpl::ConfigureSyncer] Types to download:  with reason: 5
2025-05-20 18:29:19.831: [INFO][SyncEngineBackend::DoFinishConfigureDataTypes] Failed to download types:  and succeeded types: 
2025-05-20 18:29:19.834: [INFO][Sync] ConfigurationDone, failed: , succeeded: , remaining count: 0
2025-05-20 18:29:19.843: [INFO][Sync]     Configuration completed, state: 7
2025-05-20 18:29:19.844: [INFO][Sync] Configured DataTypeManager: Ok
2025-05-20 18:29:19.866: [INFO][SyncEngineBackend::DoStartSyncing] Start syncing
2025-05-20 18:49:46.944: [INFO][Sync] Reset engine, reason: 0
2025-05-20 18:49:46.944: [INFO][Sync] Reset engine with reason: 0
2025-05-20 20:00:29.258: [INFO][Sync] SyncState after authenticated was: FeatureCanStart
2025-05-20 20:00:29.790: [INFO][Sync] Try to start sync engine
2025-05-20 20:00:29.791: [INFO][SyncManagerImpl::NudgeForInitialDownload] Initial download nudge for Encryption Keys
2025-05-20 20:00:29.791: [INFO][SyncEngineBackend::LoadAndConnectNigoriController] Load and connect Nigori controller
2025-05-20 20:00:29.791: [INFO][SyncEngineBackend::DoInitialize] Control Types added: Encryption Keys
2025-05-20 20:00:29.792: [INFO][SyncManagerImpl::ConfigureSyncer] Types to download: Encryption Keys with reason: 3
2025-05-20 20:00:29.792: [INFO][SyncSchedulerImpl::DoConfigurationSyncCycleJob] Configure job was blocked
2025-05-20 20:00:29.825: [INFO][SyncAuthManager::SetLastAuthError] Current auth error: None
2025-05-20 20:00:29.825: [INFO][SyncAuthManager::EdgeLogTokenErrorState] Token error with: None for account type: MSA
2025-05-20 20:00:29.825: [INFO][Sync] Credentials changed for: EdgeSyncScopeNew
2025-05-20 20:00:30.218: [INFO][SyncAuthManager::SetLastAuthError] Current auth error: None
2025-05-20 20:00:30.218: [INFO][SyncAuthManager::EdgeLogTokenErrorState] Token error with: None for account type: MSA
2025-05-20 20:00:30.218: [INFO][Sync] Credentials changed for: EdgeSyncKeyDataScope
2025-05-20 20:00:30.218: [INFO][SyncEngineBackend::DoUpdateKeyDataCredentials] Update key data credentials
2025-05-20 20:00:30.218: [INFO][SyncEngineBackend::DoUpdateCredentials] Update credentials
2025-05-20 20:00:30.218: [INFO][SyncSchedulerImpl::DoConfigurationSyncCycleJob] Blocked types:  and types to download: Encryption Keys
2025-05-20 20:00:30.520: [INFO][Sync] Started DataTypeManager configuration, reason: 4
2025-05-20 20:00:30.520: [INFO][Sync] Configuring for: Bookmarks, Preferences, Passwords, Autofill Profiles, Autofill, Extensions, Sessions, Extension settings, History Delete Directives, Device Info, User Consents, Send Tab To Self, Web Apps, History, Saved Tab Group, Collection, Edge E Drop, Edge Hub App Usage, Edge Tab Group, Edge Wallet, Encryption Keys, reason: 4, current state: 0
2025-05-20 20:00:30.520: [WARN][Sync] Crypto error data types: Passwords, Autofill Profiles, Autofill
2025-05-20 20:00:30.528: [INFO][Sync] Configure, desired: Bookmarks, Preferences, Extensions, Sessions, Extension settings, History Delete Directives, Device Info, User Consents, Send Tab To Self, Web Apps, History, Saved Tab Group, Collection, Edge E Drop, Edge Hub App Usage, Edge Tab Group, Edge Wallet, Encryption Keys; Allow fail: Passwords, Autofill Profiles, Autofill
2025-05-20 20:00:30.528: [INFO][Sync] Loading: Bookmarks
2025-05-20 20:00:30.528: [INFO][Sync] Loading: Preferences
2025-05-20 20:00:30.528: [INFO][Sync] Loading: Extensions
2025-05-20 20:00:30.528: [INFO][Sync] Loading: Sessions
2025-05-20 20:00:30.528: [INFO][Sync] Loading: Extension settings
2025-05-20 20:00:30.528: [INFO][Sync] Loading: History Delete Directives
2025-05-20 20:00:30.528: [INFO][Sync] Loading: Device Info
2025-05-20 20:00:30.528: [INFO][Sync] Loading: User Consents
2025-05-20 20:00:30.528: [INFO][Sync] Loading: Send Tab To Self
2025-05-20 20:00:30.529: [INFO][Sync] Loading: Web Apps
2025-05-20 20:00:30.529: [INFO][Sync] Loading: History
2025-05-20 20:00:30.529: [INFO][Sync] Loading: Saved Tab Group
2025-05-20 20:00:30.529: [INFO][Sync] Loading: Collection
2025-05-20 20:00:30.529: [INFO][Sync] Loading: Edge E Drop
2025-05-20 20:00:30.529: [INFO][Sync] Loading: Edge Hub App Usage
2025-05-20 20:00:30.529: [INFO][Sync] Loading: Edge Tab Group
2025-05-20 20:00:30.529: [INFO][Sync] Loading: Edge Wallet
2025-05-20 20:00:30.544: [INFO][Sync] All data types are ready for configure.
2025-05-20 20:00:30.954: [INFO][Sync] Started DataTypeManager configuration, reason: 5
2025-05-20 20:00:30.954: [INFO][Sync] Configuring for: Bookmarks, Preferences, Passwords, Autofill Profiles, Autofill, Extensions, Sessions, Extension settings, History Delete Directives, Device Info, User Consents, Send Tab To Self, Web Apps, History, Saved Tab Group, Collection, Edge E Drop, Edge Hub App Usage, Edge Tab Group, Edge Wallet, Encryption Keys, reason: 5, current state: 1
2025-05-20 20:00:30.957: [INFO][SyncEngineBackend::DoStartConfiguration] Start configuration
2025-05-20 20:00:30.958: [INFO][SyncManagerImpl::ConfigureSyncer] Types to download:  with reason: 4
2025-05-20 20:00:30.958: [INFO][SyncEngineBackend::DoFinishConfigureDataTypes] Failed to download types:  and succeeded types: 
2025-05-20 20:00:30.965: [INFO][Sync] ConfigurationDone, failed: , succeeded: , remaining count: 4
2025-05-20 20:00:30.965: [WARN][Sync]     Reconfigure requested while configuration ongoing.
2025-05-20 20:00:30.965: [INFO][Sync] Configuring for: Bookmarks, Preferences, Passwords, Autofill Profiles, Autofill, Extensions, Sessions, Extension settings, History Delete Directives, Device Info, User Consents, Send Tab To Self, Web Apps, History, Saved Tab Group, Collection, Edge E Drop, Edge Hub App Usage, Edge Tab Group, Edge Wallet, Encryption Keys, reason: 5, current state: 2
2025-05-20 20:00:30.965: [INFO][Sync] Configure, desired: Bookmarks, Preferences, Passwords, Autofill Profiles, Autofill, Extensions, Sessions, Extension settings, History Delete Directives, Device Info, User Consents, Send Tab To Self, Web Apps, History, Saved Tab Group, Collection, Edge E Drop, Edge Hub App Usage, Edge Tab Group, Edge Wallet, Encryption Keys; Allow fail: 
2025-05-20 20:00:30.965: [INFO][Sync] Loading: Passwords
2025-05-20 20:00:30.965: [INFO][Sync] Loading: Autofill Profiles
2025-05-20 20:00:30.965: [INFO][Sync] Loading: Autofill
2025-05-20 20:00:30.965: [INFO][Sync] All data types are ready for configure.
2025-05-20 20:00:30.965: [INFO][SyncManagerImpl::NudgeForInitialDownload] Initial download nudge for Passwords
2025-05-20 20:00:30.965: [INFO][SyncManagerImpl::ConfigureSyncer] Types to download:  with reason: 5
2025-05-20 20:00:30.965: [INFO][SyncEngineBackend::DoFinishConfigureDataTypes] Failed to download types:  and succeeded types: 
2025-05-20 20:00:30.969: [INFO][Sync] ConfigurationDone, failed: , succeeded: , remaining count: 4
2025-05-20 20:00:30.969: [INFO][Sync] Prepare to configure types: Passwords, Encryption Keys
2025-05-20 20:00:30.969: [INFO][SyncManagerImpl::ConfigureSyncer] Types to download: Passwords, Encryption Keys with reason: 5
2025-05-20 20:00:30.969: [INFO][SyncSchedulerImpl::DoConfigurationSyncCycleJob] Blocked types:  and types to download: Passwords, Encryption Keys
2025-05-20 20:00:31.281: [INFO][SyncEngineBackend::DoFinishConfigureDataTypes] Failed to download types:  and succeeded types: Passwords, Encryption Keys
2025-05-20 20:00:31.290: [INFO][Sync] ConfigurationDone, failed: , succeeded: Passwords, Encryption Keys, remaining count: 3
2025-05-20 20:00:31.291: [INFO][SyncManagerImpl::ConfigureSyncer] Types to download:  with reason: 5
2025-05-20 20:00:31.291: [INFO][SyncEngineBackend::DoFinishConfigureDataTypes] Failed to download types:  and succeeded types: 
2025-05-20 20:00:31.295: [INFO][Sync] ConfigurationDone, failed: , succeeded: , remaining count: 2
2025-05-20 20:00:31.295: [INFO][SyncManagerImpl::ConfigureSyncer] Types to download:  with reason: 5
2025-05-20 20:00:31.295: [INFO][SyncEngineBackend::DoFinishConfigureDataTypes] Failed to download types:  and succeeded types: 
2025-05-20 20:00:31.295: [INFO][Sync] ConfigurationDone, failed: , succeeded: , remaining count: 1
2025-05-20 20:00:31.304: [INFO][SyncManagerImpl::ConfigureSyncer] Types to download:  with reason: 5
2025-05-20 20:00:31.304: [INFO][SyncEngineBackend::DoFinishConfigureDataTypes] Failed to download types:  and succeeded types: 
2025-05-20 20:00:31.304: [INFO][Sync] ConfigurationDone, failed: , succeeded: , remaining count: 0
2025-05-20 20:00:31.313: [INFO][Sync]     Configuration completed, state: 7
2025-05-20 20:00:31.314: [INFO][Sync] Configured DataTypeManager: Ok
2025-05-20 20:00:31.323: [INFO][SyncEngineBackend::DoStartSyncing] Start syncing
2025-05-20 21:14:38.186: [INFO][Sync] SyncState after authenticated was: FeatureCanStart
2025-05-20 21:14:38.592: [INFO][Sync] Try to start sync engine
2025-05-20 21:14:38.594: [INFO][SyncManagerImpl::NudgeForInitialDownload] Initial download nudge for Encryption Keys
2025-05-20 21:14:38.594: [INFO][SyncEngineBackend::LoadAndConnectNigoriController] Load and connect Nigori controller
2025-05-20 21:14:38.594: [INFO][SyncEngineBackend::DoInitialize] Control Types added: Encryption Keys
2025-05-20 21:14:38.594: [INFO][SyncManagerImpl::ConfigureSyncer] Types to download: Encryption Keys with reason: 3
2025-05-20 21:14:38.594: [INFO][SyncSchedulerImpl::DoConfigurationSyncCycleJob] Configure job was blocked
2025-05-20 21:14:38.680: [INFO][SyncAuthManager::SetLastAuthError] Current auth error: None
2025-05-20 21:14:38.680: [INFO][SyncAuthManager::EdgeLogTokenErrorState] Token error with: None for account type: MSA
2025-05-20 21:14:38.680: [INFO][Sync] Credentials changed for: EdgeSyncScopeNew
2025-05-20 21:14:39.805: [INFO][SyncAuthManager::SetLastAuthError] Current auth error: None
2025-05-20 21:14:39.805: [INFO][SyncAuthManager::EdgeLogTokenErrorState] Token error with: None for account type: MSA
2025-05-20 21:14:39.805: [INFO][Sync] Credentials changed for: EdgeSyncKeyDataScope
2025-05-20 21:14:39.805: [INFO][SyncEngineBackend::DoUpdateKeyDataCredentials] Update key data credentials
2025-05-20 21:14:39.805: [INFO][SyncEngineBackend::DoUpdateCredentials] Update credentials
2025-05-20 21:14:39.805: [INFO][SyncSchedulerImpl::DoConfigurationSyncCycleJob] Blocked types:  and types to download: Encryption Keys
2025-05-20 21:14:40.056: [INFO][Sync] Started DataTypeManager configuration, reason: 4
2025-05-20 21:14:40.056: [INFO][Sync] Configuring for: Bookmarks, Preferences, Passwords, Autofill Profiles, Autofill, Extensions, Sessions, Extension settings, History Delete Directives, Device Info, User Consents, Send Tab To Self, Web Apps, History, Saved Tab Group, Collection, Edge E Drop, Edge Hub App Usage, Edge Tab Group, Edge Wallet, Encryption Keys, reason: 4, current state: 0
2025-05-20 21:14:40.057: [WARN][Sync] Crypto error data types: Passwords, Autofill Profiles, Autofill
2025-05-20 21:14:40.063: [INFO][Sync] Configure, desired: Bookmarks, Preferences, Extensions, Sessions, Extension settings, History Delete Directives, Device Info, User Consents, Send Tab To Self, Web Apps, History, Saved Tab Group, Collection, Edge E Drop, Edge Hub App Usage, Edge Tab Group, Edge Wallet, Encryption Keys; Allow fail: Passwords, Autofill Profiles, Autofill
2025-05-20 21:14:40.063: [INFO][Sync] Loading: Bookmarks
2025-05-20 21:14:40.063: [INFO][Sync] Loading: Preferences
2025-05-20 21:14:40.063: [INFO][Sync] Loading: Extensions
2025-05-20 21:14:40.063: [INFO][Sync] Loading: Sessions
2025-05-20 21:14:40.063: [INFO][Sync] Loading: Extension settings
2025-05-20 21:14:40.063: [INFO][Sync] Loading: History Delete Directives
2025-05-20 21:14:40.063: [INFO][Sync] Loading: Device Info
2025-05-20 21:14:40.063: [INFO][Sync] Loading: User Consents
2025-05-20 21:14:40.063: [INFO][Sync] Loading: Send Tab To Self
2025-05-20 21:14:40.063: [INFO][Sync] Loading: Web Apps
2025-05-20 21:14:40.063: [INFO][Sync] Loading: History
2025-05-20 21:14:40.063: [INFO][Sync] Loading: Saved Tab Group
2025-05-20 21:14:40.063: [INFO][Sync] Loading: Collection
2025-05-20 21:14:40.063: [INFO][Sync] Loading: Edge E Drop
2025-05-20 21:14:40.063: [INFO][Sync] Loading: Edge Hub App Usage
2025-05-20 21:14:40.063: [INFO][Sync] Loading: Edge Tab Group
2025-05-20 21:14:40.063: [INFO][Sync] Loading: Edge Wallet
2025-05-20 21:14:40.077: [INFO][Sync] All data types are ready for configure.
2025-05-20 21:14:40.462: [INFO][Sync] Started DataTypeManager configuration, reason: 5
2025-05-20 21:14:40.462: [INFO][Sync] Configuring for: Bookmarks, Preferences, Passwords, Autofill Profiles, Autofill, Extensions, Sessions, Extension settings, History Delete Directives, Device Info, User Consents, Send Tab To Self, Web Apps, History, Saved Tab Group, Collection, Edge E Drop, Edge Hub App Usage, Edge Tab Group, Edge Wallet, Encryption Keys, reason: 5, current state: 1
2025-05-20 21:14:40.464: [INFO][SyncEngineBackend::DoStartConfiguration] Start configuration
2025-05-20 21:14:40.464: [INFO][SyncManagerImpl::ConfigureSyncer] Types to download:  with reason: 4
2025-05-20 21:14:40.464: [INFO][SyncEngineBackend::DoFinishConfigureDataTypes] Failed to download types:  and succeeded types: 
2025-05-20 21:14:40.470: [INFO][Sync] ConfigurationDone, failed: , succeeded: , remaining count: 4
2025-05-20 21:14:40.470: [WARN][Sync]     Reconfigure requested while configuration ongoing.
2025-05-20 21:14:40.470: [INFO][Sync] Configuring for: Bookmarks, Preferences, Passwords, Autofill Profiles, Autofill, Extensions, Sessions, Extension settings, History Delete Directives, Device Info, User Consents, Send Tab To Self, Web Apps, History, Saved Tab Group, Collection, Edge E Drop, Edge Hub App Usage, Edge Tab Group, Edge Wallet, Encryption Keys, reason: 5, current state: 2
2025-05-20 21:14:40.470: [INFO][Sync] Configure, desired: Bookmarks, Preferences, Passwords, Autofill Profiles, Autofill, Extensions, Sessions, Extension settings, History Delete Directives, Device Info, User Consents, Send Tab To Self, Web Apps, History, Saved Tab Group, Collection, Edge E Drop, Edge Hub App Usage, Edge Tab Group, Edge Wallet, Encryption Keys; Allow fail: 
2025-05-20 21:14:40.470: [INFO][Sync] Loading: Passwords
2025-05-20 21:14:40.470: [INFO][Sync] Loading: Autofill Profiles
2025-05-20 21:14:40.470: [INFO][Sync] Loading: Autofill
2025-05-20 21:14:40.470: [INFO][Sync] All data types are ready for configure.
2025-05-20 21:14:40.470: [INFO][SyncManagerImpl::NudgeForInitialDownload] Initial download nudge for Passwords
2025-05-20 21:14:40.470: [INFO][SyncManagerImpl::ConfigureSyncer] Types to download:  with reason: 5
2025-05-20 21:14:40.470: [INFO][SyncEngineBackend::DoFinishConfigureDataTypes] Failed to download types:  and succeeded types: 
2025-05-20 21:14:40.473: [INFO][Sync] ConfigurationDone, failed: , succeeded: , remaining count: 4
2025-05-20 21:14:40.473: [INFO][Sync] Prepare to configure types: Passwords, Encryption Keys
2025-05-20 21:14:40.473: [INFO][SyncManagerImpl::ConfigureSyncer] Types to download: Passwords, Encryption Keys with reason: 5
2025-05-20 21:14:40.473: [INFO][SyncSchedulerImpl::DoConfigurationSyncCycleJob] Blocked types:  and types to download: Passwords, Encryption Keys
2025-05-20 21:14:40.711: [INFO][SyncEngineBackend::DoFinishConfigureDataTypes] Failed to download types:  and succeeded types: Passwords, Encryption Keys
2025-05-20 21:14:40.719: [INFO][Sync] ConfigurationDone, failed: , succeeded: Passwords, Encryption Keys, remaining count: 3
2025-05-20 21:14:40.719: [INFO][SyncManagerImpl::ConfigureSyncer] Types to download:  with reason: 5
2025-05-20 21:14:40.719: [INFO][SyncEngineBackend::DoFinishConfigureDataTypes] Failed to download types:  and succeeded types: 
2025-05-20 21:14:40.720: [INFO][Sync] ConfigurationDone, failed: , succeeded: , remaining count: 2
2025-05-20 21:14:40.720: [INFO][SyncManagerImpl::ConfigureSyncer] Types to download:  with reason: 5
2025-05-20 21:14:40.720: [INFO][SyncEngineBackend::DoFinishConfigureDataTypes] Failed to download types:  and succeeded types: 
2025-05-20 21:14:40.723: [INFO][Sync] ConfigurationDone, failed: , succeeded: , remaining count: 1
2025-05-20 21:14:40.730: [INFO][SyncManagerImpl::ConfigureSyncer] Types to download:  with reason: 5
2025-05-20 21:14:40.730: [INFO][SyncEngineBackend::DoFinishConfigureDataTypes] Failed to download types:  and succeeded types: 
2025-05-20 21:14:40.730: [INFO][Sync] ConfigurationDone, failed: , succeeded: , remaining count: 0
2025-05-20 21:14:40.739: [INFO][Sync]     Configuration completed, state: 7
2025-05-20 21:14:40.740: [INFO][Sync] Configured DataTypeManager: Ok
2025-05-20 21:14:40.748: [INFO][SyncEngineBackend::DoStartSyncing] Start syncing
2025-05-20 21:15:19.117: [INFO][Sync] Reset engine, reason: 0
2025-05-20 21:15:19.117: [INFO][Sync] Reset engine with reason: 0
2025-05-22 14:45:38.909: [INFO][Sync] SyncState after authenticated was: FeatureNotRequestedNotSetup
2025-05-22 14:45:39.098: [INFO][Sync] Try to start sync engine
2025-05-22 14:45:39.100: [INFO][SyncManagerImpl::NudgeForInitialDownload] Initial download nudge for Encryption Keys
2025-05-22 14:45:39.100: [INFO][SyncEngineBackend::LoadAndConnectNigoriController] Load and connect Nigori controller
2025-05-22 14:45:39.100: [INFO][SyncEngineBackend::DoInitialize] Control Types added: Encryption Keys
2025-05-22 14:45:39.100: [INFO][SyncManagerImpl::ConfigureSyncer] Types to download: Encryption Keys with reason: 3
2025-05-22 14:45:39.100: [INFO][SyncSchedulerImpl::DoConfigurationSyncCycleJob] Configure job was blocked
2025-05-22 14:45:39.239: [INFO][SyncAuthManager::SetLastAuthError] Current auth error: None
2025-05-22 14:45:39.239: [INFO][SyncAuthManager::EdgeLogTokenErrorState] Token error with: None for account type: MSA
2025-05-22 14:45:39.239: [INFO][Sync] Credentials changed for: EdgeSyncScopeNew
